#
# A fatal error has been detected by the Java Runtime Environment:
#
#  EXCEPTION_ACCESS_VIOLATION (0xc0000005) at pc=0x000000006445adbb, pid=4268, tid=6232
#
# JRE version: 7.0_05-b06
# Java VM: Java HotSpot(TM) 64-Bit Server VM (23.1-b03 mixed mode windows-amd64 compressed oops)
# Problematic frame:
# V  [jvm.dll+0x1fadbb]
#
# Failed to write core dump. Minidumps are not enabled by default on client versions of Windows
#
# If you would like to submit a bug report, please visit:
#   http://bugreport.sun.com/bugreport/crash.jsp
#

---------------  T H R E A D  ---------------

Current thread (0x0000000009f37000):  JavaThread "LWJGL Application" [_thread_in_vm, id=6232, stack(0x000000000b4c0000,0x000000000b5c0000)]

siginfo: ExceptionCode=0xc0000005, writing address 0x0000000000000000

Registers:
RAX=0x0000000000010000, RBX=0x0000000009f37000, RCX=0x00000000c047d3b0, RDX=0x0000000000000000
RSP=0x000000000b5be740, RBP=0x00000000c047d3a0, RSI=0x00000000000c0000, RDI=0x0000000000000000
R8 =0x0000000000017fff, R9 =0x0000000000000008, R10=0x00000000026f235c, R11=0x0000000064420ca0
R12=0x0000000000000010, R13=0x00000000bb2f4908, R14=0x000000000b5be8c0, R15=0x0000000009f37000
RIP=0x000000006445adbb, EFLAGS=0x0000000000010216

Top of Stack: (sp=0x000000000b5be740)
0x000000000b5be740:   0000048d6df95385 000000000b5be790
0x000000000b5be750:   00000000bb53a348 0000000000000000
0x000000000b5be760:   0000000000000001 00000000643f3990
0x000000000b5be770:   0000000000000001 000000000b2700c0
0x000000000b5be780:   00000000026e69c3 00000000c1731270
0x000000000b5be790:   0000000000000000 0000000000000000
0x000000000b5be7a0:   0000000000000000 00000000026f2388
0x000000000b5be7b0:   00000000026e6374 00000000bb2f4908
0x000000000b5be7c0:   000000000b5be860 00000000bb803b68
0x000000000b5be7d0:   0000000000000000 0000000000000000
0x000000000b5be7e0:   00000000000c0000 00000000bb803b68
0x000000000b5be7f0:   000000000b5be7f0 00000000bb534a19
0x000000000b5be800:   00000000565f42a0 00000000bb538450
0x000000000b5be810:   0000000000000000 00000000bb534a48
0x000000000b5be820:   000000000b5be820 0000000000000000
0x000000000b5be830:   000000000b5be8c0 00000000bb2f7740 

Instructions: (pc=0x000000006445adbb)
0x000000006445ad9b:   76 29 4d 85 c0 0f 84 cd 00 00 00 48 2b ca 0f 1f
0x000000006445adab:   80 00 00 00 00 4a 8b 04 09 49 83 c1 08 49 ff c8
0x000000006445adbb:   49 89 41 f8 75 ef 48 83 c4 28 c3 4a 8d 54 c1 f8
0x000000006445adcb:   4b 8d 4c c1 f8 4d 85 c0 0f 84 9a 00 00 00 0f 1f 


Register to memory mapping:

RAX=0x0000000000010000 is an unknown value
RBX=0x0000000009f37000 is a thread
RCX=0x00000000c047d3b0 is an oop
[S 
 - klass: {type array short}
 - length: 393216
RDX=0x0000000000000000 is an unknown value
RSP=0x000000000b5be740 is pointing into the stack for thread: 0x0000000009f37000
RBP=0x00000000c047d3a0 is an oop
[S 
 - klass: {type array short}
 - length: 393216
RSI=0x00000000000c0000 is an unknown value
RDI=0x0000000000000000 is an unknown value
R8 =0x0000000000017fff is an unknown value
R9 =0x0000000000000008 is an unknown value
R10=0x00000000026f235c is an Interpreter codelet
method entry point (kind = native)  [0x00000000026f20e0, 0x00000000026f2960]  2176 bytes
R11=0x0000000064420ca0 is an unknown value
R12=0x0000000000000010 is an unknown value
R13=0x00000000bb2f4908 is an oop
{method} 
 - klass: {other class}
R14=0x000000000b5be8c0 is pointing into the stack for thread: 0x0000000009f37000
R15=0x0000000009f37000 is a thread


Stack: [0x000000000b4c0000,0x000000000b5c0000],  sp=0x000000000b5be740,  free space=1017k
Native frames: (J=compiled Java code, j=interpreted, Vv=VM code, C=native code)
V  [jvm.dll+0x1fadbb]

Java frames: (J=compiled Java code, j=interpreted, Vv=VM code)
j  sun.misc.Unsafe.copyMemory(Ljava/lang/Object;JLjava/lang/Object;JJ)V+0
j  java.nio.Bits.copyFromArray(Ljava/lang/Object;JJJJ)V+42
j  java.nio.DirectShortBufferU.put([SII)Ljava/nio/ShortBuffer;+129
j  com.badlogic.gdx.graphics.glutils.IndexBufferObject.setIndices([SII)V+20
j  com.badlogic.gdx.graphics.Mesh.setIndices([S)Lcom/badlogic/gdx/graphics/Mesh;+8
j  com.badlogic.gdx.tests.g3d.voxel.SimpleMesher.newMesh(III)Lcom/badlogic/gdx/graphics/Mesh;+65
j  com.badlogic.gdx.tests.g3d.voxel.VoxelWorld.<init>([Lvoxel/BlockDefinition;Lcom/badlogic/gdx/graphics/g3d/Material;IIILcom/badlogic/gdx/tests/g3d/voxel/Mesher;)V+249
j  com.niz.component.systems.VoxelSystem.<init>(IIIZZZZZZ[Lvoxel/BlockDefinition;[Lcom/badlogic/gdx/graphics/g2d/TextureRegion;)V+87
j  com.niz.factories.PlatformerFactory.doneLoading(FLcom/artemis/World;Lcom/badlogic/gdx/assets/AssetManager;Lcom/badlogic/gdx/graphics/Camera;Lcom/badlogic/gdx/graphics/g3d/ModelBatch;Lcom/niz/ShapeBatch;)V+226
j  com.niz.factories.GameFactory.init(FLcom/artemis/World;Lcom/badlogic/gdx/graphics/g3d/Environment;Lcom/badlogic/gdx/assets/AssetManager;Lcom/badlogic/gdx/graphics/Camera;Lcom/badlogic/gdx/graphics/g3d/ModelBatch;Lcom/niz/ShapeBatch;)V+11
j  com.niz.EngineScreen.render(F)V+48
j  com.niz.NizEngine.render()V+12
j  com.badlogic.gdx.backends.lwjgl.LwjglApplication.mainLoop()V+642
j  com.badlogic.gdx.backends.lwjgl.LwjglApplication$1.run()V+27
v  ~StubRoutines::call_stub

---------------  P R O C E S S  ---------------

Java Threads: ( => current thread )
  0x000000000a178000 JavaThread "LWJGL Timer" daemon [_thread_blocked, id=2636, stack(0x000000000f7b0000,0x000000000f8b0000)]
  0x000000000de1a800 JavaThread "AsynchExecutor-Thread" daemon [_thread_blocked, id=5728, stack(0x000000000f6b0000,0x000000000f7b0000)]
  0x000000000030c800 JavaThread "DestroyJavaVM" [_thread_blocked, id=6068, stack(0x00000000025e0000,0x00000000026e0000)]
=>0x0000000009f37000 JavaThread "LWJGL Application" [_thread_in_vm, id=6232, stack(0x000000000b4c0000,0x000000000b5c0000)]
  0x00000000089cb800 JavaThread "Service Thread" daemon [_thread_blocked, id=2892, stack(0x0000000009c30000,0x0000000009d30000)]
  0x00000000089c8000 JavaThread "C2 CompilerThread1" daemon [_thread_blocked, id=2940, stack(0x0000000009a40000,0x0000000009b40000)]
  0x00000000089b6800 JavaThread "C2 CompilerThread0" daemon [_thread_blocked, id=2696, stack(0x0000000009370000,0x0000000009470000)]
  0x00000000089b5000 JavaThread "Attach Listener" daemon [_thread_blocked, id=3520, stack(0x0000000009940000,0x0000000009a40000)]
  0x00000000089b3800 JavaThread "Signal Dispatcher" daemon [_thread_blocked, id=2764, stack(0x00000000097a0000,0x00000000098a0000)]
  0x000000000892e000 JavaThread "Finalizer" daemon [_thread_blocked, id=5140, stack(0x0000000009670000,0x0000000009770000)]
  0x0000000008923000 JavaThread "Reference Handler" daemon [_thread_blocked, id=2516, stack(0x00000000094c0000,0x00000000095c0000)]

Other Threads:
  0x000000000891e800 VMThread [stack: 0x0000000009210000,0x0000000009310000] [id=5820]
  0x00000000089d4800 WatcherThread [stack: 0x0000000009de0000,0x0000000009ee0000] [id=4764]

VM state:not at safepoint (normal execution)

VM Mutex/Monitor currently owned by a thread: None

Heap
 PSYoungGen      total 19072K, used 7535K [0x00000000eac00000, 0x00000000ed140000, 0x0000000000000000)
  eden space 16384K, 45% used [0x00000000eac00000,0x00000000eb35bd98,0x00000000ebc00000)
  from space 2688K, 0% used [0x00000000ebc00000,0x00000000ebc00000,0x00000000ebea0000)
  to   space 2688K, 0% used [0x00000000ecea0000,0x00000000ecea0000,0x00000000ed140000)
 ParOldGen       total 65408K, used 28334K [0x00000000c0400000, 0x00000000c43e0000, 0x00000000eac00000)
  object space 65408K, 43% used [0x00000000c0400000,0x00000000c1faba90,0x00000000c43e0000)
 PSPermGen       total 21248K, used 8223K [0x00000000bb200000, 0x00000000bc6c0000, 0x00000000c0400000)
  object space 21248K, 38% used [0x00000000bb200000,0x00000000bba07f70,0x00000000bc6c0000)

Code Cache  [0x00000000026e0000, 0x0000000002950000, 0x00000000056e0000)
 total_blobs=610 nmethods=180 adapters=382 free_code_cache=48361Kb largest_free_block=49501888

Compilation events (10 events):
Event: 2.217 Thread 0x00000000089c8000 nmethod 150 0x0000000002791650 code [0x0000000002791780, 0x0000000002791818]
Event: 2.217 Thread 0x00000000089c8000  152             com.badlogic.gdx.math.Quaternion::idt (9 bytes)
Event: 2.217 Thread 0x00000000089b6800 nmethod 151 0x0000000002791450 code [0x0000000002791580, 0x00000000027915d8]
Event: 2.217 Thread 0x00000000089b6800  153             com.badlogic.gdx.graphics.g3d.model.NodeKeyframe::<init> (41 bytes)
Event: 2.217 Thread 0x00000000089c8000 nmethod 152 0x0000000002791210 code [0x0000000002791340, 0x0000000002791398]
Event: 2.219 Thread 0x00000000089b6800 nmethod 153 0x00000000027a5e10 code [0x00000000027a5f60, 0x00000000027a6118]
Event: 2.228 Thread 0x00000000089c8000   27 %           com.badlogic.gdx.tests.g3d.voxel.SimpleMesher::<init> @ 23 (109 bytes)
Event: 2.231 Thread 0x00000000089c8000 nmethod 27% 0x00000000027a73d0 code [0x00000000027a7520, 0x00000000027a7758]
Event: 2.318 Thread 0x00000000089b6800  154             java.nio.Buffer::checkIndex (22 bytes)
Event: 2.318 Thread 0x00000000089b6800 nmethod 154 0x00000000027a6f90 code [0x00000000027a70c0, 0x00000000027a7138]

GC Heap History (8 events):
Event: 1.159 GC heap before
{Heap before GC invocations=1 (full 0):
 PSYoungGen      total 19072K, used 16384K [0x00000000eac00000, 0x00000000ec140000, 0x0000000000000000)
  eden space 16384K, 100% used [0x00000000eac00000,0x00000000ebc00000,0x00000000ebc00000)
  from space 2688K, 0% used [0x00000000ebea0000,0x00000000ebea0000,0x00000000ec140000)
  to   space 2688K, 0% used [0x00000000ebc00000,0x00000000ebc00000,0x00000000ebea0000)
 ParOldGen       total 43520K, used 0K [0x00000000c0400000, 0x00000000c2e80000, 0x00000000eac00000)
  object space 43520K, 0% used [0x00000000c0400000,0x00000000c0400000,0x00000000c2e80000)
 PSPermGen       total 21248K, used 7969K [0x00000000bb200000, 0x00000000bc6c0000, 0x00000000c0400000)
  object space 21248K, 37% used [0x00000000bb200000,0x00000000bb9c8788,0x00000000bc6c0000)
Event: 1.165 GC heap after
Heap after GC invocations=1 (full 0):
 PSYoungGen      total 19072K, used 2684K [0x00000000eac00000, 0x00000000ec140000, 0x0000000000000000)
  eden space 16384K, 0% used [0x00000000eac00000,0x00000000eac00000,0x00000000ebc00000)
  from space 2688K, 99% used [0x00000000ebc00000,0x00000000ebe9f120,0x00000000ebea0000)
  to   space 2688K, 0% used [0x00000000ebea0000,0x00000000ebea0000,0x00000000ec140000)
 ParOldGen       total 43520K, used 2185K [0x00000000c0400000, 0x00000000c2e80000, 0x00000000eac00000)
  object space 43520K, 5% used [0x00000000c0400000,0x00000000c0622468,0x00000000c2e80000)
 PSPermGen       total 21248K, used 7969K [0x00000000bb200000, 0x00000000bc6c0000, 0x00000000c0400000)
  object space 21248K, 37% used [0x00000000bb200000,0x00000000bb9c8788,0x00000000bc6c0000)
}
Event: 2.233 GC heap before
{Heap before GC invocations=2 (full 0):
 PSYoungGen      total 19072K, used 19063K [0x00000000eac00000, 0x00000000ec140000, 0x0000000000000000)
  eden space 16384K, 99% used [0x00000000eac00000,0x00000000ebbfeae8,0x00000000ebc00000)
  from space 2688K, 99% used [0x00000000ebc00000,0x00000000ebe9f120,0x00000000ebea0000)
  to   space 2688K, 0% used [0x00000000ebea0000,0x00000000ebea0000,0x00000000ec140000)
 ParOldGen       total 43520K, used 2185K [0x00000000c0400000, 0x00000000c2e80000, 0x00000000eac00000)
  object space 43520K, 5% used [0x00000000c0400000,0x00000000c0622468,0x00000000c2e80000)
 PSPermGen       total 21248K, used 8226K [0x00000000bb200000, 0x00000000bc6c0000, 0x00000000c0400000)
  object space 21248K, 38% used [0x00000000bb200000,0x00000000bba08858,0x00000000bc6c0000)
Event: 2.241 GC heap after
Heap after GC invocations=2 (full 0):
 PSYoungGen      total 19072K, used 2670K [0x00000000eac00000, 0x00000000ec140000, 0x0000000000000000)
  eden space 16384K, 0% used [0x00000000eac00000,0x00000000eac00000,0x00000000ebc00000)
  from space 2688K, 99% used [0x00000000ebea0000,0x00000000ec13b890,0x00000000ec140000)
  to   space 2688K, 0% used [0x00000000ebc00000,0x00000000ebc00000,0x00000000ebea0000)
 ParOldGen       total 43520K, used 11999K [0x00000000c0400000, 0x00000000c2e80000, 0x00000000eac00000)
  object space 43520K, 27% used [0x00000000c0400000,0x00000000c0fb7ec0,0x00000000c2e80000)
 PSPermGen       total 21248K, used 8226K [0x00000000bb200000, 0x00000000bc6c0000, 0x00000000c0400000)
  object space 21248K, 38% used [0x00000000bb200000,0x00000000bba08858,0x00000000bc6c0000)
}
Event: 2.243 GC heap before
{Heap before GC invocations=3 (full 0):
 PSYoungGen      total 19072K, used 19037K [0x00000000eac00000, 0x00000000ec140000, 0x0000000000000000)
  eden space 16384K, 99% used [0x00000000eac00000,0x00000000ebbfbd20,0x00000000ebc00000)
  from space 2688K, 99% used [0x00000000ebea0000,0x00000000ec13b890,0x00000000ec140000)
  to   space 2688K, 0% used [0x00000000ebc00000,0x00000000ebc00000,0x00000000ebea0000)
 ParOldGen       total 43520K, used 11999K [0x00000000c0400000, 0x00000000c2e80000, 0x00000000eac00000)
  object space 43520K, 27% used [0x00000000c0400000,0x00000000c0fb7ec0,0x00000000c2e80000)
 PSPermGen       total 21248K, used 8226K [0x00000000bb200000, 0x00000000bc6c0000, 0x00000000c0400000)
  object space 21248K, 38% used [0x00000000bb200000,0x00000000bba08858,0x00000000bc6c0000)
Event: 2.251 GC heap after
Heap after GC invocations=3 (full 0):
 PSYoungGen      total 19072K, used 2657K [0x00000000eac00000, 0x00000000ed140000, 0x0000000000000000)
  eden space 16384K, 0% used [0x00000000eac00000,0x00000000eac00000,0x00000000ebc00000)
  from space 2688K, 98% used [0x00000000ebc00000,0x00000000ebe98470,0x00000000ebea0000)
  to   space 2688K, 0% used [0x00000000ecea0000,0x00000000ecea0000,0x00000000ed140000)
 ParOldGen       total 43520K, used 28151K [0x00000000c0400000, 0x00000000c2e80000, 0x00000000eac00000)
  object space 43520K, 64% used [0x00000000c0400000,0x00000000c1f7ded0,0x00000000c2e80000)
 PSPermGen       total 21248K, used 8226K [0x00000000bb200000, 0x00000000bc6c0000, 0x00000000c0400000)
  object space 21248K, 38% used [0x00000000bb200000,0x00000000bba08858,0x00000000bc6c0000)
}
Event: 2.251 GC heap before
{Heap before GC invocations=4 (full 1):
 PSYoungGen      total 19072K, used 2657K [0x00000000eac00000, 0x00000000ed140000, 0x0000000000000000)
  eden space 16384K, 0% used [0x00000000eac00000,0x00000000eac00000,0x00000000ebc00000)
  from space 2688K, 98% used [0x00000000ebc00000,0x00000000ebe98470,0x00000000ebea0000)
  to   space 2688K, 0% used [0x00000000ecea0000,0x00000000ecea0000,0x00000000ed140000)
 ParOldGen       total 43520K, used 28151K [0x00000000c0400000, 0x00000000c2e80000, 0x00000000eac00000)
  object space 43520K, 64% used [0x00000000c0400000,0x00000000c1f7ded0,0x00000000c2e80000)
 PSPermGen       total 21248K, used 8226K [0x00000000bb200000, 0x00000000bc6c0000, 0x00000000c0400000)
  object space 21248K, 38% used [0x00000000bb200000,0x00000000bba08858,0x00000000bc6c0000)
Event: 2.278 GC heap after
Heap after GC invocations=4 (full 1):
 PSYoungGen      total 19072K, used 0K [0x00000000eac00000, 0x00000000ed140000, 0x0000000000000000)
  eden space 16384K, 0% used [0x00000000eac00000,0x00000000eac00000,0x00000000ebc00000)
  from space 2688K, 0% used [0x00000000ebc00000,0x00000000ebc00000,0x00000000ebea0000)
  to   space 2688K, 0% used [0x00000000ecea0000,0x00000000ecea0000,0x00000000ed140000)
 ParOldGen       total 65408K, used 28334K [0x00000000c0400000, 0x00000000c43e0000, 0x00000000eac00000)
  object space 65408K, 43% used [0x00000000c0400000,0x00000000c1faba90,0x00000000c43e0000)
 PSPermGen       total 21248K, used 8223K [0x00000000bb200000, 0x00000000bc6c0000, 0x00000000c0400000)
  object space 21248K, 38% used [0x00000000bb200000,0x00000000bba07f70,0x00000000bc6c0000)
}

Deoptimization events (10 events):
Event: 2.125 Thread 0x0000000009f37000 Uncommon trap -75 fr.pc 0x00000000027a2930
Event: 2.127 Thread 0x0000000009f37000 Uncommon trap -75 fr.pc 0x00000000027a2680
Event: 2.146 Thread 0x0000000009f37000 Uncommon trap -75 fr.pc 0x00000000027a2140
Event: 2.158 Thread 0x0000000009f37000 Uncommon trap -75 fr.pc 0x00000000027a1eb0
Event: 2.162 Thread 0x0000000009f37000 Uncommon trap -75 fr.pc 0x00000000027a23e4
Event: 2.165 Thread 0x0000000009f37000 Uncommon trap -75 fr.pc 0x00000000027a1bc0
Event: 2.177 Thread 0x0000000009f37000 Uncommon trap -75 fr.pc 0x00000000027a4870
Event: 2.184 Thread 0x0000000009f37000 Uncommon trap -75 fr.pc 0x00000000027a45c0
Event: 2.196 Thread 0x0000000009f37000 Uncommon trap -75 fr.pc 0x00000000027a4330
Event: 2.203 Thread 0x0000000009f37000 Uncommon trap -75 fr.pc 0x00000000027a4080

Internal exceptions (10 events):
Event: 2.222 Thread 0x0000000009f37000 Threw 0x00000000eb293f58 at C:\jdk7u1_64p\jdk7u5\hotspot\src\share\vm\prims\jvm.cpp:1166
Event: 2.222 Thread 0x0000000009f37000 Threw 0x00000000eb2957c8 at C:\jdk7u1_64p\jdk7u5\hotspot\src\share\vm\prims\jvm.cpp:1166
Event: 2.222 Thread 0x0000000009f37000 Threw 0x00000000eb297638 at C:\jdk7u1_64p\jdk7u5\hotspot\src\share\vm\prims\jvm.cpp:1166
Event: 2.223 Thread 0x0000000009f37000 Threw 0x00000000eb299040 at C:\jdk7u1_64p\jdk7u5\hotspot\src\share\vm\prims\jvm.cpp:1166
Event: 2.223 Thread 0x0000000009f37000 Threw 0x00000000eb29cae0 at C:\jdk7u1_64p\jdk7u5\hotspot\src\share\vm\prims\jvm.cpp:1166
Event: 2.224 Thread 0x0000000009f37000 Threw 0x00000000eb29e6b0 at C:\jdk7u1_64p\jdk7u5\hotspot\src\share\vm\prims\jvm.cpp:1166
Event: 2.224 Thread 0x0000000009f37000 Threw 0x00000000eb2a0440 at C:\jdk7u1_64p\jdk7u5\hotspot\src\share\vm\prims\jvm.cpp:1166
Event: 2.224 Thread 0x0000000009f37000 Threw 0x00000000eb2a27b8 at C:\jdk7u1_64p\jdk7u5\hotspot\src\share\vm\prims\jvm.cpp:1166
Event: 2.225 Thread 0x0000000009f37000 Threw 0x00000000eb2a8d78 at C:\jdk7u1_64p\jdk7u5\hotspot\src\share\vm\prims\jvm.cpp:1166
Event: 2.231 Thread 0x0000000009f37000 Threw 0x00000000eb2ab468 at C:\jdk7u1_64p\jdk7u5\hotspot\src\share\vm\prims\jvm.cpp:1166

Events (10 events):
Event: 2.224 loading class 0x000000000a02d060
Event: 2.224 loading class 0x000000000a02d060 done
Event: 2.225 loading class 0x000000000da32510
Event: 2.225 loading class 0x000000000da32510 done
Event: 2.231 loading class 0x000000000a27dae0
Event: 2.231 loading class 0x000000000a27dae0 done
Event: 2.233 Executing VM operation: ParallelGCFailedAllocation
Event: 2.241 Executing VM operation: ParallelGCFailedAllocation done
Event: 2.243 Executing VM operation: ParallelGCFailedAllocation
Event: 2.278 Executing VM operation: ParallelGCFailedAllocation done


Dynamic libraries:
0x000000003f080000 - 0x000000003f0b4000 	C:\Program Files\Java\jre7\bin\javaw.exe
0x0000000076ef0000 - 0x0000000077099000 	C:\Windows\SYSTEM32\ntdll.dll
0x0000000076dd0000 - 0x0000000076eef000 	C:\Windows\system32\kernel32.dll
0x00000000fcda0000 - 0x00000000fce0b000 	C:\Windows\system32\KERNELBASE.dll
0x00000000fdb40000 - 0x00000000fdc1b000 	C:\Windows\system32\ADVAPI32.dll
0x00000000fdc80000 - 0x00000000fdd1f000 	C:\Windows\system32\msvcrt.dll
0x00000000fe130000 - 0x00000000fe14f000 	C:\Windows\SYSTEM32\sechost.dll
0x00000000fd100000 - 0x00000000fd22d000 	C:\Windows\system32\RPCRT4.dll
0x0000000076cd0000 - 0x0000000076dca000 	C:\Windows\system32\USER32.dll
0x00000000fdd20000 - 0x00000000fdd87000 	C:\Windows\system32\GDI32.dll
0x00000000fd230000 - 0x00000000fd23e000 	C:\Windows\system32\LPK.dll
0x00000000fd6e0000 - 0x00000000fd7a9000 	C:\Windows\system32\USP10.dll
0x00000000fb6c0000 - 0x00000000fb8b4000 	C:\Windows\WinSxS\amd64_microsoft.windows.common-controls_6595b64144ccf1df_6.0.7601.17514_none_fa396087175ac9ac\COMCTL32.dll
0x00000000fe150000 - 0x00000000fe1c1000 	C:\Windows\system32\SHLWAPI.dll
0x00000000fd240000 - 0x00000000fd26e000 	C:\Windows\system32\IMM32.DLL
0x00000000fdfa0000 - 0x00000000fe0a9000 	C:\Windows\system32\MSCTF.dll
0x0000000067af0000 - 0x0000000067bc1000 	C:\Program Files\Java\jre7\bin\msvcr100.dll
0x0000000064260000 - 0x000000006497a000 	C:\Program Files\Java\jre7\bin\server\jvm.dll
0x00000000f0560000 - 0x00000000f0569000 	C:\Windows\system32\WSOCK32.dll
0x00000000fd7d0000 - 0x00000000fd81d000 	C:\Windows\system32\WS2_32.dll
0x00000000fd900000 - 0x00000000fd908000 	C:\Windows\system32\NSI.dll
0x00000000f4e80000 - 0x00000000f4ebb000 	C:\Windows\system32\WINMM.dll
0x00000000770b0000 - 0x00000000770b7000 	C:\Windows\system32\PSAPI.DLL
0x0000000073310000 - 0x000000007331f000 	C:\Program Files\Java\jre7\bin\verify.dll
0x00000000732e0000 - 0x0000000073308000 	C:\Program Files\Java\jre7\bin\java.dll
0x0000000069a50000 - 0x0000000069a65000 	C:\Program Files\Java\jre7\bin\zip.dll
0x0000000065580000 - 0x0000000065612000 	C:\Users\User\AppData\Local\Temp\libgdxUser\7a5afca9\gdx64.dll
0x0000000080000000 - 0x0000000080050000 	C:\Users\User\AppData\Local\Temp\libgdxUser\4c88a7c1\lwjgl64.dll
0x00000000f24b0000 - 0x00000000f25cd000 	C:\Windows\system32\OPENGL32.dll
0x00000000fa370000 - 0x00000000fa39d000 	C:\Windows\system32\GLU32.dll
0x00000000f1fa0000 - 0x00000000f2091000 	C:\Windows\system32\DDRAW.dll
0x00000000fae40000 - 0x00000000fae48000 	C:\Windows\system32\DCIMAN32.dll
0x00000000fd500000 - 0x00000000fd6d7000 	C:\Windows\system32\SETUPAPI.dll
0x00000000fd0c0000 - 0x00000000fd0f6000 	C:\Windows\system32\CFGMGR32.dll
0x00000000fd820000 - 0x00000000fd8f7000 	C:\Windows\system32\OLEAUT32.dll
0x00000000fdd90000 - 0x00000000fdf93000 	C:\Windows\system32\ole32.dll
0x00000000fcd80000 - 0x00000000fcd9a000 	C:\Windows\system32\DEVOBJ.dll
0x00000000fb080000 - 0x00000000fb098000 	C:\Windows\system32\dwmapi.dll
0x00000000fbe10000 - 0x00000000fbe1c000 	C:\Windows\system32\VERSION.dll
0x0000000000280000 - 0x00000000002e4000 	C:\Users\User\AppData\Local\Temp\libgdxUser\4c88a7c1\OpenAL64.dll
0x00000000fe470000 - 0x00000000ff1f8000 	C:\Windows\system32\SHELL32.dll
0x00000000fcc00000 - 0x00000000fcc0f000 	C:\Windows\system32\CRYPTBASE.dll
0x00000000fb4e0000 - 0x00000000fb536000 	C:\Windows\system32\uxtheme.dll
0x00000000fe3d0000 - 0x00000000fe469000 	C:\Windows\system32\CLBCatQ.DLL
0x00000000fb540000 - 0x00000000fb66c000 	C:\Windows\System32\PROPSYS.dll
0x00000000fcee0000 - 0x00000000fcf1a000 	C:\Windows\system32\WINTRUST.dll
0x00000000fcf40000 - 0x00000000fd0ac000 	C:\Windows\system32\CRYPT32.dll
0x00000000fcd70000 - 0x00000000fcd7f000 	C:\Windows\system32\MSASN1.dll
0x00000000f6d50000 - 0x00000000f6dd8000 	C:\Windows\system32\dsound.dll
0x00000000fa8f0000 - 0x00000000fa91c000 	C:\Windows\system32\POWRPROF.dll
0x00000000fb0d0000 - 0x00000000fb11b000 	C:\Windows\System32\MMDevApi.dll
0x00000000f3060000 - 0x00000000f30af000 	C:\Windows\system32\AUDIOSES.DLL
0x0000000056080000 - 0x00000000579d1000 	C:\Windows\system32\nvoglv64.DLL
0x00000000fb0a0000 - 0x00000000fb0cd000 	C:\Windows\system32\ntmarta.dll
0x00000000fdc20000 - 0x00000000fdc72000 	C:\Windows\system32\WLDAP32.dll
0x00000000fa160000 - 0x00000000fa1fc000 	C:\Windows\system32\mscms.dll
0x00000000fc020000 - 0x00000000fc03e000 	C:\Windows\system32\USERENV.dll
0x00000000fccd0000 - 0x00000000fccdf000 	C:\Windows\system32\profapi.dll
0x00000000f5f70000 - 0x00000000f5fb2000 	C:\Windows\system32\icm32.dll
0x00000000fc5a0000 - 0x00000000fc5b7000 	C:\Windows\system32\CRYPTSP.dll
0x00000000fc2a0000 - 0x00000000fc2e7000 	C:\Windows\system32\rsaenh.dll
0x0000000069a70000 - 0x0000000069a89000 	C:\Program Files\Java\jre7\bin\net.dll
0x00000000fc540000 - 0x00000000fc595000 	C:\Windows\system32\mswsock.dll
0x00000000fc530000 - 0x00000000fc537000 	C:\Windows\System32\wship6.dll
0x00000000f9ca0000 - 0x00000000f9cb5000 	C:\Windows\system32\NLAapi.dll
0x00000000f4e00000 - 0x00000000f4e15000 	C:\Windows\system32\napinsp.dll
0x00000000f4de0000 - 0x00000000f4df9000 	C:\Windows\system32\pnrpnsp.dll
0x00000000fc3c0000 - 0x00000000fc41b000 	C:\Windows\system32\DNSAPI.dll
0x00000000f4dd0000 - 0x00000000f4ddb000 	C:\Windows\System32\winrnr.dll
0x0000000072860000 - 0x000000007288e000 	c:\Program Files\Common Files\Microsoft Shared\Windows Live\WLIDNSP.DLL
0x00000000fbee0000 - 0x00000000fbee7000 	C:\Windows\System32\wshtcpip.dll
0x00000000f9b20000 - 0x00000000f9b47000 	C:\Windows\system32\IPHLPAPI.DLL
0x00000000f9b10000 - 0x00000000f9b1b000 	C:\Windows\system32\WINNSI.DLL
0x00000000f7360000 - 0x00000000f7368000 	C:\Windows\system32\rasadhlp.dll
0x00000000f99a0000 - 0x00000000f99f3000 	C:\Windows\System32\fwpuclnt.dll
0x0000000069a10000 - 0x0000000069a21000 	C:\Program Files\Java\jre7\bin\nio.dll
0x00000000eeee0000 - 0x00000000ef005000 	C:\Windows\system32\dbghelp.dll

VM Arguments:
jvm_args: -Dfile.encoding=Cp1252 
java_command: com.niz.Main
Launcher Type: SUN_STANDARD

Environment Variables:
JAVA_HOME=C:\Program Files\Java\jdk1.7.0
CLASSPATH=.;C:\Program Files (x86)\Java\jre6\lib\ext\QTJava.zip
PATH=C:\Program Files\Common Files\Microsoft Shared\Windows Live;C:\Program Files\Java\jdk1.7.0;C:\Program Files (x86)\ImageMagick-6.7.9-Q16;C:\Program Files (x86)\NVIDIA Corporation\PhysX\Common;C:\Program Files\ImageMagick-6.7.1-Q16;C:\Windows\system32;C:\Windows;C:\Windows\System32\Wbem;C:\Windows\System32\WindowsPowerShell\v1.0\;C:\Program Files (x86)\QuickTime\QTSystem\;C:\MinGW\bin;C:\Program Files (x86)\Git\cmd;C:\Program Files\Common Files\Microsoft Shared\Windows Live;C:\Program Files (x86)\ImageMagick-6.7.9-Q16;C:\Program Files (x86)\NVIDIA Corporation\PhysX\Common;C:\Program Files\ImageMagick-6.7.1-Q16;C:\Windows\system32;C:\Windows;C:\Windows\System32\Wbem;C:\Windows\System32\WindowsPowerShell\v1.0\;C:\Program Files (x86)\QuickTime\QTSystem\;C:\MinGW\bin;C:\Program Files (x86)\Git\cmd;C:\Program Files\Common Files\Microsoft Shared\Windows Live;C:\Program Files\Java\jdk1.7.0\bin;c:\ant\bin;c:\cygwin\bin;c:\ant
USERNAME=User
OS=Windows_NT
PROCESSOR_IDENTIFIER=Intel64 Family 6 Model 42 Stepping 7, GenuineIntel



---------------  S Y S T E M  ---------------

OS: Windows 7 , 64 bit Build 7601 Service Pack 1

CPU:total 2 (2 cores per cpu, 1 threads per core) family 6 model 42 stepping 7, cmov, cx8, fxsr, mmx, sse, sse2, sse3, ssse3, sse4.1, sse4.2, popcnt, tsc, tscinvbit

Memory: 4k page, physical 4176192k(1267320k free), swap 11342328k(4772k free)

vm_info: Java HotSpot(TM) 64-Bit Server VM (23.1-b03) for windows-amd64 JRE (1.7.0_05-b06), built on Jun 27 2012 00:54:58 by "java_re" with unknown MS VC++:1600

time: Sun Mar 23 17:08:04 2014
elapsed time: 3 seconds

