#
# A fatal error has been detected by the Java Runtime Environment:
#
#  EXCEPTION_ACCESS_VIOLATION (0xc0000005) at pc=0x00000000fe0c11cb, pid=904, tid=5040
#
# JRE version: 7.0_05-b06
# Java VM: Java HotSpot(TM) 64-Bit Server VM (23.1-b03 mixed mode windows-amd64 compressed oops)
# Problematic frame:
# C  [msvcrt.dll+0x11cb]  memcpy+0xeb
#
# Failed to write core dump. Minidumps are not enabled by default on client versions of Windows
#
# If you would like to submit a bug report, please visit:
#   http://bugreport.sun.com/bugreport/crash.jsp
# The crash happened outside the Java Virtual Machine in native code.
# See problematic frame for where to report the bug.
#

---------------  T H R E A D  ---------------

Current thread (0x0000000009f56000):  JavaThread "LWJGL Application" [_thread_in_native, id=5040, stack(0x000000000b690000,0x000000000b790000)]

siginfo: ExceptionCode=0xc0000005, writing address 0x0000000000000000

Registers:
RAX=0x0000000042000000, RBX=0x0000000009f561d8, RCX=0x0000000000000020, RDX=0x00000000ead75af8
RSP=0x000000000b78ef08, RBP=0x0000000000000000, RSI=0x000000000b78f030, RDI=0x00000000ead75af8
R8 =0x000000000002fe20, R9 =0x00000000000017f1, R10=0x0000000042800000, R11=0x0000000000000000
R12=0x0000000000000000, R13=0x000000000000bf88, R14=0x000000000b78f030, R15=0x0000000009f56000
RIP=0x00000000fe0c11cb, EFLAGS=0x0000000000010202

Top of Stack: (sp=0x000000000b78ef08)
0x000000000b78ef08:   00000000655ab777 0000000009f561d8
0x000000000b78ef18:   0000000000000000 000000000b78f030
0x000000000b78ef28:   00000000bb6f5b48 0000000000000000
0x000000000b78ef38:   00000000bb7a9d80 00000000ebd84d50
0x000000000b78ef48:   0000000000000010 000000000b78eff8
0x000000000b78ef58:   0000000000000000 00000000bb7a9d80
0x000000000b78ef68:   00000000024b2388 00000000bb84acf9
0x000000000b78ef78:   000000000b78efb8 00000000bb84aff8
0x000000000b78ef88:   0000000000000000 000000000000bf88
0x000000000b78ef98:   0000000000000000 000000000b78efb8
0x000000000b78efa8:   000000000b78f008 00000000024a61f8
0x000000000b78efb8:   000000000b78efb8 0000000000000000
0x000000000b78efc8:   000000000b78f030 00000000bb7ab810
0x000000000b78efd8:   0000000000000000 00000000bb7a9d80
0x000000000b78efe8:   0000000000000000 000000000b78f018
0x000000000b78eff8:   000000000b78f078 00000000024a61f8 

Instructions: (pc=0x00000000fe0c11cb)
0x00000000fe0c11ab:   eb b9 49 8b c3 c3 49 81 f9 00 20 00 00 0f 83 d9
0x00000000fe0c11bb:   45 01 00 48 8b 04 0a 4c 8b 54 0a 08 48 83 c1 20
0x00000000fe0c11cb:   48 89 41 e0 4c 89 51 e8 48 8b 44 0a f0 4c 8b 54
0x00000000fe0c11db:   0a f8 49 ff c9 48 89 41 f0 4c 89 51 f8 75 d4 49 


Register to memory mapping:

RAX=0x0000000042000000 is an unknown value
RBX=0x0000000009f561d8 is an unknown value
RCX=0x0000000000000020 is an unknown value
RDX=0x00000000ead75af8 is an unknown value
RSP=0x000000000b78ef08 is pointing into the stack for thread: 0x0000000009f56000
RBP=0x0000000000000000 is an unknown value
RSI=0x000000000b78f030 is pointing into the stack for thread: 0x0000000009f56000
RDI=0x00000000ead75af8 is an unknown value
R8 =0x000000000002fe20 is an unknown value
R9 =0x00000000000017f1 is an unknown value
R10=0x0000000042800000 is an unknown value
R11=0x0000000000000000 is an unknown value
R12=0x0000000000000000 is an unknown value
R13=0x000000000000bf88 is an unknown value
R14=0x000000000b78f030 is pointing into the stack for thread: 0x0000000009f56000
R15=0x0000000009f56000 is a thread


Stack: [0x000000000b690000,0x000000000b790000],  sp=0x000000000b78ef08,  free space=1019k
Native frames: (J=compiled Java code, j=interpreted, Vv=VM code, C=native code)
C  [msvcrt.dll+0x11cb]  memcpy+0xeb

[error occurred during error reporting (printing native stack), id 0xc0000005]

Java frames: (J=compiled Java code, j=interpreted, Vv=VM code)
j  com.badlogic.gdx.utils.BufferUtils.copyJni([FLjava/nio/Buffer;II)V+0
j  com.badlogic.gdx.utils.BufferUtils.copy([FLjava/nio/Buffer;II)V+4
j  com.badlogic.gdx.graphics.glutils.VertexBufferObject.setVertices([FII)V+12
j  com.badlogic.gdx.graphics.Mesh.setVertices([FII)Lcom/badlogic/gdx/graphics/Mesh;+7
j  com.badlogic.gdx.tests.g3d.voxel.VoxelWorld.getRenderables(Lcom/badlogic/gdx/utils/Array;Lcom/badlogic/gdx/utils/Pool;)V+71
j  com.badlogic.gdx.graphics.g3d.ModelBatch.render(Lcom/badlogic/gdx/graphics/g3d/RenderableProvider;Lcom/badlogic/gdx/graphics/g3d/Environment;)V+17
j  com.badlogic.gdx.tests.g3d.voxel.VoxelTest.render()V+49
j  com.niz.nizEngine.render()V+134
j  com.badlogic.gdx.backends.lwjgl.LwjglApplication.mainLoop()V+642
j  com.badlogic.gdx.backends.lwjgl.LwjglApplication$1.run()V+27
v  ~StubRoutines::call_stub

---------------  P R O C E S S  ---------------

Java Threads: ( => current thread )
  0x000000000220c800 JavaThread "DestroyJavaVM" [_thread_blocked, id=4740, stack(0x00000000023a0000,0x00000000024a0000)]
=>0x0000000009f56000 JavaThread "LWJGL Application" [_thread_in_native, id=5040, stack(0x000000000b690000,0x000000000b790000)]
  0x0000000008848800 JavaThread "Service Thread" daemon [_thread_blocked, id=5060, stack(0x0000000009cd0000,0x0000000009dd0000)]
  0x0000000008844800 JavaThread "C2 CompilerThread1" daemon [_thread_blocked, id=4076, stack(0x0000000009b20000,0x0000000009c20000)]
  0x0000000008836800 JavaThread "C2 CompilerThread0" daemon [_thread_blocked, id=4364, stack(0x0000000009710000,0x0000000009810000)]
  0x0000000008835000 JavaThread "Attach Listener" daemon [_thread_blocked, id=4724, stack(0x0000000009880000,0x0000000009980000)]
  0x0000000008833800 JavaThread "Signal Dispatcher" daemon [_thread_blocked, id=1476, stack(0x0000000009410000,0x0000000009510000)]
  0x00000000087ae000 JavaThread "Finalizer" daemon [_thread_blocked, id=1760, stack(0x00000000095f0000,0x00000000096f0000)]
  0x00000000087a3000 JavaThread "Reference Handler" daemon [_thread_blocked, id=2416, stack(0x00000000091b0000,0x00000000092b0000)]

Other Threads:
  0x000000000879e000 VMThread [stack: 0x0000000009300000,0x0000000009400000] [id=3296]
  0x0000000008851800 WatcherThread [stack: 0x0000000009dd0000,0x0000000009ed0000] [id=4460]

VM state:not at safepoint (normal execution)

VM Mutex/Monitor currently owned by a thread: None

Heap
 PSYoungGen      total 19072K, used 10735K [0x00000000eac00000, 0x00000000ec140000, 0x0000000000000000)
  eden space 16384K, 49% used [0x00000000eac00000,0x00000000eb3dcc78,0x00000000ebc00000)
  from space 2688K, 99% used [0x00000000ebc00000,0x00000000ebe9f0a0,0x00000000ebea0000)
  to   space 2688K, 0% used [0x00000000ebea0000,0x00000000ebea0000,0x00000000ec140000)
 ParOldGen       total 43520K, used 6932K [0x00000000c0400000, 0x00000000c2e80000, 0x00000000eac00000)
  object space 43520K, 15% used [0x00000000c0400000,0x00000000c0ac5380,0x00000000c2e80000)
 PSPermGen       total 21248K, used 6446K [0x00000000bb200000, 0x00000000bc6c0000, 0x00000000c0400000)
  object space 21248K, 30% used [0x00000000bb200000,0x00000000bb84bb40,0x00000000bc6c0000)

Code Cache  [0x00000000024a0000, 0x0000000002710000, 0x00000000054a0000)
 total_blobs=505 nmethods=129 adapters=328 free_code_cache=48512Kb largest_free_block=49667712

Compilation events (10 events):
Event: 1.586 Thread 0x0000000008836800   93             com.badlogic.gdx.tests.g3d.voxel.VoxelChunk::createTop (471 bytes)
Event: 1.590 Thread 0x0000000008836800 nmethod 93 0x00000000025340d0 code [0x0000000002534260, 0x0000000002534678]
Event: 1.594 Thread 0x0000000008836800   94             com.badlogic.gdx.tests.g3d.voxel.VoxelChunk::createFront (463 bytes)
Event: 1.598 Thread 0x0000000008836800 nmethod 94 0x0000000002541950 code [0x0000000002541ae0, 0x0000000002541ef8]
Event: 1.598 Thread 0x0000000008836800   95             com.badlogic.gdx.tests.g3d.voxel.VoxelChunk::createLeft (467 bytes)
Event: 1.601 Thread 0x0000000008836800 nmethod 95 0x0000000002541110 code [0x00000000025412a0, 0x00000000025416b8]
Event: 1.601 Thread 0x0000000008836800   96             com.badlogic.gdx.tests.g3d.voxel.VoxelChunk::createRight (471 bytes)
Event: 1.605 Thread 0x0000000008836800 nmethod 96 0x00000000025408d0 code [0x0000000002540a60, 0x0000000002540e78]
Event: 1.605 Thread 0x0000000008836800   97             com.badlogic.gdx.tests.g3d.voxel.VoxelChunk::createBack (475 bytes)
Event: 1.609 Thread 0x0000000008836800 nmethod 97 0x0000000002540090 code [0x0000000002540220, 0x0000000002540638]

GC Heap History (2 events):
Event: 1.314 GC heap before
{Heap before GC invocations=1 (full 0):
 PSYoungGen      total 19072K, used 16384K [0x00000000eac00000, 0x00000000ec140000, 0x0000000000000000)
  eden space 16384K, 100% used [0x00000000eac00000,0x00000000ebc00000,0x00000000ebc00000)
  from space 2688K, 0% used [0x00000000ebea0000,0x00000000ebea0000,0x00000000ec140000)
  to   space 2688K, 0% used [0x00000000ebc00000,0x00000000ebc00000,0x00000000ebea0000)
 ParOldGen       total 43520K, used 0K [0x00000000c0400000, 0x00000000c2e80000, 0x00000000eac00000)
  object space 43520K, 0% used [0x00000000c0400000,0x00000000c0400000,0x00000000c2e80000)
 PSPermGen       total 21248K, used 6412K [0x00000000bb200000, 0x00000000bc6c0000, 0x00000000c0400000)
  object space 21248K, 30% used [0x00000000bb200000,0x00000000bb843220,0x00000000bc6c0000)
Event: 1.319 GC heap after
Heap after GC invocations=1 (full 0):
 PSYoungGen      total 19072K, used 2684K [0x00000000eac00000, 0x00000000ec140000, 0x0000000000000000)
  eden space 16384K, 0% used [0x00000000eac00000,0x00000000eac00000,0x00000000ebc00000)
  from space 2688K, 99% used [0x00000000ebc00000,0x00000000ebe9f0a0,0x00000000ebea0000)
  to   space 2688K, 0% used [0x00000000ebea0000,0x00000000ebea0000,0x00000000ec140000)
 ParOldGen       total 43520K, used 6932K [0x00000000c0400000, 0x00000000c2e80000, 0x00000000eac00000)
  object space 43520K, 15% used [0x00000000c0400000,0x00000000c0ac5380,0x00000000c2e80000)
 PSPermGen       total 21248K, used 6412K [0x00000000bb200000, 0x00000000bc6c0000, 0x00000000c0400000)
  object space 21248K, 30% used [0x00000000bb200000,0x00000000bb843220,0x00000000bc6c0000)
}

Deoptimization events (10 events):
Event: 1.221 Thread 0x0000000009f56000 Uncommon trap -75 fr.pc 0x000000000252ff40
Event: 1.233 Thread 0x0000000009f56000 Uncommon trap -75 fr.pc 0x000000000252fcb0
Event: 1.237 Thread 0x0000000009f56000 Uncommon trap -75 fr.pc 0x00000000025301e4
Event: 1.240 Thread 0x0000000009f56000 Uncommon trap -75 fr.pc 0x000000000252fa00
Event: 1.252 Thread 0x0000000009f56000 Uncommon trap -75 fr.pc 0x000000000252f770
Event: 1.258 Thread 0x0000000009f56000 Uncommon trap -75 fr.pc 0x000000000252f4c0
Event: 1.270 Thread 0x0000000009f56000 Uncommon trap -75 fr.pc 0x000000000252f230
Event: 1.277 Thread 0x0000000009f56000 Uncommon trap -75 fr.pc 0x000000000252ef80
Event: 1.474 Thread 0x0000000009f56000 Uncommon trap -83 fr.pc 0x0000000002530cac
Event: 1.482 Thread 0x0000000009f56000 Uncommon trap -83 fr.pc 0x0000000002538d30

Internal exceptions (10 events):
Event: 1.280 Thread 0x0000000009f56000 Threw 0x00000000eb6302d8 at C:\jdk7u1_64p\jdk7u5\hotspot\src\share\vm\prims\jvm.cpp:1166
Event: 1.280 Thread 0x0000000009f56000 Threw 0x00000000eb6366a0 at C:\jdk7u1_64p\jdk7u5\hotspot\src\share\vm\prims\jvm.cpp:1166
Event: 1.285 Thread 0x0000000009f56000 Threw 0x00000000ebb99980 at C:\jdk7u1_64p\jdk7u5\hotspot\src\share\vm\prims\jvm.cpp:1166
Event: 1.286 Thread 0x0000000009f56000 Threw 0x00000000ebba2df0 at C:\jdk7u1_64p\jdk7u5\hotspot\src\share\vm\prims\jvm.cpp:1166
Event: 1.287 Thread 0x0000000009f56000 Threw 0x00000000ebbaee18 at C:\jdk7u1_64p\jdk7u5\hotspot\src\share\vm\prims\jvm.cpp:1166
Event: 1.416 Thread 0x0000000009f56000 Threw 0x00000000ead43aa0 at C:\jdk7u1_64p\jdk7u5\hotspot\src\share\vm\prims\jvm.cpp:1166
Event: 1.427 Thread 0x0000000009f56000 Threw 0x00000000eaea2a18 at C:\jdk7u1_64p\jdk7u5\hotspot\src\share\vm\prims\jvm.cpp:1166
Event: 1.528 Thread 0x0000000009f56000 Threw 0x00000000eb3843e0 at C:\jdk7u1_64p\jdk7u5\hotspot\src\share\vm\prims\jvm.cpp:1166
Event: 1.529 Thread 0x0000000009f56000 Threw 0x00000000eb387b90 at C:\jdk7u1_64p\jdk7u5\hotspot\src\share\vm\prims\jvm.cpp:1166
Event: 1.532 Thread 0x0000000009f56000 Threw 0x00000000eb38a6a0 at C:\jdk7u1_64p\jdk7u5\hotspot\src\share\vm\prims\jvm.cpp:1166

Events (10 events):
Event: 1.474 Thread 0x0000000009f56000 DEOPT PACKING pc=0x0000000002530cac sp=0x000000000b78f060
Event: 1.474 Thread 0x0000000009f56000 DEOPT UNPACKING pc=0x00000000024d9164 sp=0x000000000b78f018 mode 2
Event: 1.482 Thread 0x0000000009f56000 DEOPT PACKING pc=0x0000000002538d30 sp=0x000000000b78f060
Event: 1.482 Thread 0x0000000009f56000 DEOPT UNPACKING pc=0x00000000024d9164 sp=0x000000000b78f010 mode 2
Event: 1.528 loading class 0x0000000009f536d0
Event: 1.528 loading class 0x0000000009f536d0 done
Event: 1.529 loading class 0x0000000009f619a0
Event: 1.529 loading class 0x0000000009f619a0 done
Event: 1.531 loading class 0x000000000a131ef0
Event: 1.531 loading class 0x000000000a131ef0 done


Dynamic libraries:
0x000000003f420000 - 0x000000003f454000 	C:\Program Files\Java\jre7\bin\javaw.exe
0x0000000076d40000 - 0x0000000076ee9000 	C:\Windows\SYSTEM32\ntdll.dll
0x0000000076c20000 - 0x0000000076d3f000 	C:\Windows\system32\kernel32.dll
0x00000000fccd0000 - 0x00000000fcd3b000 	C:\Windows\system32\KERNELBASE.dll
0x00000000fe380000 - 0x00000000fe45b000 	C:\Windows\system32\ADVAPI32.dll
0x00000000fe0c0000 - 0x00000000fe15f000 	C:\Windows\system32\msvcrt.dll
0x00000000fe170000 - 0x00000000fe18f000 	C:\Windows\SYSTEM32\sechost.dll
0x00000000fe1e0000 - 0x00000000fe30d000 	C:\Windows\system32\RPCRT4.dll
0x0000000076b20000 - 0x0000000076c1a000 	C:\Windows\system32\USER32.dll
0x00000000fe310000 - 0x00000000fe377000 	C:\Windows\system32\GDI32.dll
0x00000000fe050000 - 0x00000000fe05e000 	C:\Windows\system32\LPK.dll
0x00000000fe460000 - 0x00000000fe529000 	C:\Windows\system32\USP10.dll
0x00000000fb510000 - 0x00000000fb704000 	C:\Windows\WinSxS\amd64_microsoft.windows.common-controls_6595b64144ccf1df_6.0.7601.17514_none_fa396087175ac9ac\COMCTL32.dll
0x00000000feb10000 - 0x00000000feb81000 	C:\Windows\system32\SHLWAPI.dll
0x00000000fd290000 - 0x00000000fd2be000 	C:\Windows\system32\IMM32.DLL
0x00000000feb90000 - 0x00000000fec99000 	C:\Windows\system32\MSCTF.dll
0x00000000653b0000 - 0x0000000065481000 	C:\Program Files\Java\jre7\bin\msvcr100.dll
0x000000005dbc0000 - 0x000000005e2da000 	C:\Program Files\Java\jre7\bin\server\jvm.dll
0x00000000f0e90000 - 0x00000000f0e99000 	C:\Windows\system32\WSOCK32.dll
0x00000000fe190000 - 0x00000000fe1dd000 	C:\Windows\system32\WS2_32.dll
0x00000000fe160000 - 0x00000000fe168000 	C:\Windows\system32\NSI.dll
0x00000000f87d0000 - 0x00000000f880b000 	C:\Windows\system32\WINMM.dll
0x0000000076f10000 - 0x0000000076f17000 	C:\Windows\system32\PSAPI.DLL
0x0000000072440000 - 0x000000007244f000 	C:\Program Files\Java\jre7\bin\verify.dll
0x0000000071500000 - 0x0000000071528000 	C:\Program Files\Java\jre7\bin\java.dll
0x0000000071540000 - 0x0000000071555000 	C:\Program Files\Java\jre7\bin\zip.dll
0x0000000065580000 - 0x0000000065612000 	C:\Users\User\AppData\Local\Temp\libgdxUser\7a5afca9\gdx64.dll
0x0000000080000000 - 0x0000000080050000 	C:\Users\User\AppData\Local\Temp\libgdxUser\4c88a7c1\lwjgl64.dll
0x00000000ee3f0000 - 0x00000000ee50d000 	C:\Windows\system32\OPENGL32.dll
0x00000000f3b50000 - 0x00000000f3b7d000 	C:\Windows\system32\GLU32.dll
0x00000000ee7c0000 - 0x00000000ee8b1000 	C:\Windows\system32\DDRAW.dll
0x00000000f4ce0000 - 0x00000000f4ce8000 	C:\Windows\system32\DCIMAN32.dll
0x00000000fd0b0000 - 0x00000000fd287000 	C:\Windows\system32\SETUPAPI.dll
0x00000000fcbf0000 - 0x00000000fcc26000 	C:\Windows\system32\CFGMGR32.dll
0x00000000fcf50000 - 0x00000000fd027000 	C:\Windows\system32\OLEAUT32.dll
0x00000000fe530000 - 0x00000000fe733000 	C:\Windows\system32\ole32.dll
0x00000000fcc30000 - 0x00000000fcc4a000 	C:\Windows\system32\DEVOBJ.dll
0x00000000faf00000 - 0x00000000faf18000 	C:\Windows\system32\dwmapi.dll
0x00000000fba00000 - 0x00000000fba0c000 	C:\Windows\system32\VERSION.dll
0x0000000002210000 - 0x0000000002274000 	C:\Users\User\AppData\Local\Temp\libgdxUser\4c88a7c1\OpenAL64.dll
0x00000000fd2c0000 - 0x00000000fe048000 	C:\Windows\system32\SHELL32.dll
0x00000000fca50000 - 0x00000000fca5f000 	C:\Windows\system32\CRYPTBASE.dll
0x00000000fb330000 - 0x00000000fb386000 	C:\Windows\system32\uxtheme.dll
0x00000000fe740000 - 0x00000000fe7d9000 	C:\Windows\system32\CLBCatQ.DLL
0x00000000fb390000 - 0x00000000fb4bc000 	C:\Windows\System32\PROPSYS.dll
0x00000000fcc80000 - 0x00000000fccba000 	C:\Windows\system32\WINTRUST.dll
0x00000000fcde0000 - 0x00000000fcf4c000 	C:\Windows\system32\CRYPT32.dll
0x00000000fcbc0000 - 0x00000000fcbcf000 	C:\Windows\system32\MSASN1.dll
0x00000000f1100000 - 0x00000000f1188000 	C:\Windows\system32\dsound.dll
0x00000000fa730000 - 0x00000000fa75c000 	C:\Windows\system32\POWRPROF.dll
0x00000000faf20000 - 0x00000000faf6b000 	C:\Windows\System32\MMDevApi.dll
0x00000000f4090000 - 0x00000000f40df000 	C:\Windows\system32\AUDIOSES.DLL
0x0000000058d20000 - 0x000000005a671000 	C:\Windows\system32\nvoglv64.DLL
0x00000000fae90000 - 0x00000000faebd000 	C:\Windows\system32\ntmarta.dll
0x00000000fe060000 - 0x00000000fe0b2000 	C:\Windows\system32\WLDAP32.dll
0x00000000f8d50000 - 0x00000000f8dec000 	C:\Windows\system32\mscms.dll
0x00000000fbe70000 - 0x00000000fbe8e000 	C:\Windows\system32\USERENV.dll
0x00000000fcb20000 - 0x00000000fcb2f000 	C:\Windows\system32\profapi.dll
0x00000000f0ff0000 - 0x00000000f1032000 	C:\Windows\system32\icm32.dll
0x00000000f0d40000 - 0x00000000f0e65000 	C:\Windows\system32\dbghelp.dll

VM Arguments:
jvm_args: -Dfile.encoding=Cp1252 
java_command: com.niz.Main
Launcher Type: SUN_STANDARD

Environment Variables:
JAVA_HOME=C:\Program Files\Java\jdk1.7.0
CLASSPATH=.;C:\Program Files (x86)\Java\jre6\lib\ext\QTJava.zip
PATH=C:\Program Files\Common Files\Microsoft Shared\Windows Live;C:\Program Files\Java\jdk1.7.0;C:\Program Files (x86)\ImageMagick-6.7.9-Q16;C:\Program Files (x86)\NVIDIA Corporation\PhysX\Common;C:\Program Files\ImageMagick-6.7.1-Q16;C:\Windows\system32;C:\Windows;C:\Windows\System32\Wbem;C:\Windows\System32\WindowsPowerShell\v1.0\;C:\Program Files (x86)\QuickTime\QTSystem\;C:\MinGW\bin;C:\Program Files (x86)\Git\cmd;C:\Program Files\Common Files\Microsoft Shared\Windows Live;C:\Program Files (x86)\ImageMagick-6.7.9-Q16;C:\Program Files (x86)\NVIDIA Corporation\PhysX\Common;C:\Program Files\ImageMagick-6.7.1-Q16;C:\Windows\system32;C:\Windows;C:\Windows\System32\Wbem;C:\Windows\System32\WindowsPowerShell\v1.0\;C:\Program Files (x86)\QuickTime\QTSystem\;C:\MinGW\bin;C:\Program Files (x86)\Git\cmd;C:\Program Files\Common Files\Microsoft Shared\Windows Live;C:\Program Files\Java\jdk1.7.0\bin;c:\ant\bin;c:\cygwin\bin;c:\ant
USERNAME=User
OS=Windows_NT
PROCESSOR_IDENTIFIER=Intel64 Family 6 Model 42 Stepping 7, GenuineIntel



---------------  S Y S T E M  ---------------

OS: Windows 7 , 64 bit Build 7601 Service Pack 1

CPU:total 2 (2 cores per cpu, 1 threads per core) family 6 model 42 stepping 7, cmov, cx8, fxsr, mmx, sse, sse2, sse3, ssse3, sse4.1, sse4.2, popcnt, tsc, tscinvbit

Memory: 4k page, physical 4176192k(1528500k free), swap 9286448k(713456k free)

vm_info: Java HotSpot(TM) 64-Bit Server VM (23.1-b03) for windows-amd64 JRE (1.7.0_05-b06), built on Jun 27 2012 00:54:58 by "java_re" with unknown MS VC++:1600

time: Sun Feb 23 08:25:02 2014
elapsed time: 1 seconds

