#
# A fatal error has been detected by the Java Runtime Environment:
#
#  EXCEPTION_ACCESS_VIOLATION (0xc0000005) at pc=0x00000000fe0c11cb, pid=4372, tid=3376
#
# JRE version: 7.0_05-b06
# Java VM: Java HotSpot(TM) 64-Bit Server VM (23.1-b03 mixed mode windows-amd64 compressed oops)
# Problematic frame:
# C  [msvcrt.dll+0x11cb]  memcpy+0xeb
#
# Failed to write core dump. Minidumps are not enabled by default on client versions of Windows
#
# If you would like to submit a bug report, please visit:
#   http://bugreport.sun.com/bugreport/crash.jsp
# The crash happened outside the Java Virtual Machine in native code.
# See problematic frame for where to report the bug.
#

---------------  T H R E A D  ---------------

Current thread (0x0000000009f88800):  JavaThread "LWJGL Application" [_thread_in_native, id=3376, stack(0x000000000b3a0000,0x000000000b4a0000)]

siginfo: ExceptionCode=0xc0000005, writing address 0x0000000000000000

Registers:
RAX=0x0000000043840000, RBX=0x0000000009f889d8, RCX=0x0000000000000020, RDX=0x00000000eaea1750
RSP=0x000000000b49ee88, RBP=0x0000000000000000, RSI=0x000000000b49efb0, RDI=0x00000000eaea1750
R8 =0x0000000000005e80, R9 =0x00000000000002f4, R10=0x0000000043100000, R11=0x0000000000000000
R12=0x0000000000000000, R13=0x00000000000017a0, R14=0x000000000b49efb0, R15=0x0000000009f88800
RIP=0x00000000fe0c11cb, EFLAGS=0x0000000000010202

Top of Stack: (sp=0x000000000b49ee88)
0x000000000b49ee88:   00000000655ab777 0000000009f889d8
0x000000000b49ee98:   0000000000000000 000000000b49efb0
0x000000000b49eea8:   00000000bb6f5b48 0000000000000000
0x000000000b49eeb8:   00000000bb7a9d80 00000000ebd28f78
0x000000000b49eec8:   0000000000000010 000000000b49ef78
0x000000000b49eed8:   0000000000000000 00000000bb7a9d80
0x000000000b49eee8:   00000000025a2388 00000000bb84ac19
0x000000000b49eef8:   000000000b49ef38 00000000bb84af18
0x000000000b49ef08:   0000000000000000 00000000000017a0
0x000000000b49ef18:   0000000000000000 000000000b49ef38
0x000000000b49ef28:   000000000b49ef88 00000000025961f8
0x000000000b49ef38:   000000000b49ef38 0000000000000000
0x000000000b49ef48:   000000000b49efb0 00000000bb7ab810
0x000000000b49ef58:   0000000000000000 00000000bb7a9d80
0x000000000b49ef68:   0000000000000000 000000000b49ef98
0x000000000b49ef78:   000000000b49eff8 00000000025961f8 

Instructions: (pc=0x00000000fe0c11cb)
0x00000000fe0c11ab:   eb b9 49 8b c3 c3 49 81 f9 00 20 00 00 0f 83 d9
0x00000000fe0c11bb:   45 01 00 48 8b 04 0a 4c 8b 54 0a 08 48 83 c1 20
0x00000000fe0c11cb:   48 89 41 e0 4c 89 51 e8 48 8b 44 0a f0 4c 8b 54
0x00000000fe0c11db:   0a f8 49 ff c9 48 89 41 f0 4c 89 51 f8 75 d4 49 


Register to memory mapping:

RAX=0x0000000043840000 is an unknown value
RBX=0x0000000009f889d8 is an unknown value
RCX=0x0000000000000020 is an unknown value
RDX=0x00000000eaea1750 is an unknown value
RSP=0x000000000b49ee88 is pointing into the stack for thread: 0x0000000009f88800
RBP=0x0000000000000000 is an unknown value
RSI=0x000000000b49efb0 is pointing into the stack for thread: 0x0000000009f88800
RDI=0x00000000eaea1750 is an unknown value
R8 =0x0000000000005e80 is an unknown value
R9 =0x00000000000002f4 is an unknown value
R10=0x0000000043100000 is an unknown value
R11=0x0000000000000000 is an unknown value
R12=0x0000000000000000 is an unknown value
R13=0x00000000000017a0 is an unknown value
R14=0x000000000b49efb0 is pointing into the stack for thread: 0x0000000009f88800
R15=0x0000000009f88800 is a thread


Stack: [0x000000000b3a0000,0x000000000b4a0000],  sp=0x000000000b49ee88,  free space=1019k
Native frames: (J=compiled Java code, j=interpreted, Vv=VM code, C=native code)
C  [msvcrt.dll+0x11cb]  memcpy+0xeb

[error occurred during error reporting (printing native stack), id 0xc0000005]

Java frames: (J=compiled Java code, j=interpreted, Vv=VM code)
j  com.badlogic.gdx.utils.BufferUtils.copyJni([FLjava/nio/Buffer;II)V+0
j  com.badlogic.gdx.utils.BufferUtils.copy([FLjava/nio/Buffer;II)V+4
j  com.badlogic.gdx.graphics.glutils.VertexBufferObject.setVertices([FII)V+12
j  com.badlogic.gdx.graphics.Mesh.setVertices([FII)Lcom/badlogic/gdx/graphics/Mesh;+7
j  com.badlogic.gdx.tests.g3d.voxel.VoxelWorld.getRenderables(Lcom/badlogic/gdx/utils/Array;Lcom/badlogic/gdx/utils/Pool;)V+71
j  com.badlogic.gdx.graphics.g3d.ModelBatch.render(Lcom/badlogic/gdx/graphics/g3d/RenderableProvider;Lcom/badlogic/gdx/graphics/g3d/Environment;)V+17
j  com.badlogic.gdx.tests.g3d.voxel.VoxelTest.render()V+49
j  com.niz.nizEngine.render()V+134
j  com.badlogic.gdx.backends.lwjgl.LwjglApplication.mainLoop()V+642
j  com.badlogic.gdx.backends.lwjgl.LwjglApplication$1.run()V+27
v  ~StubRoutines::call_stub

---------------  P R O C E S S  ---------------

Java Threads: ( => current thread )
  0x00000000021fc800 JavaThread "DestroyJavaVM" [_thread_blocked, id=4088, stack(0x0000000002490000,0x0000000002590000)]
=>0x0000000009f88800 JavaThread "LWJGL Application" [_thread_in_native, id=3376, stack(0x000000000b3a0000,0x000000000b4a0000)]
  0x00000000088ba000 JavaThread "Service Thread" daemon [_thread_blocked, id=4852, stack(0x0000000009a00000,0x0000000009b00000)]
  0x00000000088ae800 JavaThread "C2 CompilerThread1" daemon [_thread_blocked, id=3708, stack(0x0000000009c80000,0x0000000009d80000)]
  0x00000000088a5000 JavaThread "C2 CompilerThread0" daemon [_thread_blocked, id=4112, stack(0x0000000009b50000,0x0000000009c50000)]
  0x00000000088a3800 JavaThread "Attach Listener" daemon [_thread_blocked, id=3412, stack(0x00000000098a0000,0x00000000099a0000)]
  0x00000000088a2000 JavaThread "Signal Dispatcher" daemon [_thread_blocked, id=4772, stack(0x0000000009670000,0x0000000009770000)]
  0x0000000008819000 JavaThread "Finalizer" daemon [_thread_blocked, id=5096, stack(0x0000000009220000,0x0000000009320000)]
  0x0000000008813800 JavaThread "Reference Handler" daemon [_thread_blocked, id=200, stack(0x0000000009540000,0x0000000009640000)]

Other Threads:
  0x000000000880e800 VMThread [stack: 0x0000000009380000,0x0000000009480000] [id=3268]
  0x00000000088c3800 WatcherThread [stack: 0x0000000009da0000,0x0000000009ea0000] [id=3632]

VM state:not at safepoint (normal execution)

VM Mutex/Monitor currently owned by a thread: None

Heap
 PSYoungGen      total 19072K, used 12082K [0x00000000eac00000, 0x00000000ec140000, 0x0000000000000000)
  eden space 16384K, 57% used [0x00000000eac00000,0x00000000eb5310f8,0x00000000ebc00000)
  from space 2688K, 99% used [0x00000000ebc00000,0x00000000ebe9b890,0x00000000ebea0000)
  to   space 2688K, 0% used [0x00000000ebea0000,0x00000000ebea0000,0x00000000ec140000)
 ParOldGen       total 43520K, used 6290K [0x00000000c0400000, 0x00000000c2e80000, 0x00000000eac00000)
  object space 43520K, 14% used [0x00000000c0400000,0x00000000c0a24af8,0x00000000c2e80000)
 PSPermGen       total 21248K, used 6446K [0x00000000bb200000, 0x00000000bc6c0000, 0x00000000c0400000)
  object space 21248K, 30% used [0x00000000bb200000,0x00000000bb84ba60,0x00000000bc6c0000)

Code Cache  [0x0000000002590000, 0x0000000002800000, 0x0000000005590000)
 total_blobs=508 nmethods=132 adapters=328 free_code_cache=48511Kb largest_free_block=49665024

Compilation events (10 events):
Event: 1.637 Thread 0x00000000088a5000 nmethod 92 0x000000000262b750 code [0x000000000262b8e0, 0x000000000262bcf8]
Event: 1.638 Thread 0x00000000088ae800 nmethod 93 0x000000000262af10 code [0x000000000262b0a0, 0x000000000262b4b8]
Event: 1.639 Thread 0x00000000088a5000   94             com.badlogic.gdx.tests.g3d.voxel.VoxelChunk::createFront (463 bytes)
Event: 1.643 Thread 0x00000000088a5000 nmethod 94 0x00000000026323d0 code [0x0000000002632560, 0x0000000002632978]
Event: 1.643 Thread 0x00000000088a5000   95             com.badlogic.gdx.tests.g3d.voxel.VoxelChunk::createLeft (467 bytes)
Event: 1.647 Thread 0x00000000088a5000 nmethod 95 0x0000000002631b90 code [0x0000000002631d20, 0x0000000002632138]
Event: 1.647 Thread 0x00000000088a5000   96             com.badlogic.gdx.tests.g3d.voxel.VoxelChunk::createRight (471 bytes)
Event: 1.652 Thread 0x00000000088a5000 nmethod 96 0x0000000002631350 code [0x00000000026314e0, 0x00000000026318f8]
Event: 1.652 Thread 0x00000000088a5000   97             com.badlogic.gdx.tests.g3d.voxel.VoxelChunk::createBack (475 bytes)
Event: 1.656 Thread 0x00000000088a5000 nmethod 97 0x0000000002630b10 code [0x0000000002630ca0, 0x00000000026310b8]

GC Heap History (2 events):
Event: 1.255 GC heap before
{Heap before GC invocations=1 (full 0):
 PSYoungGen      total 19072K, used 16384K [0x00000000eac00000, 0x00000000ec140000, 0x0000000000000000)
  eden space 16384K, 100% used [0x00000000eac00000,0x00000000ebc00000,0x00000000ebc00000)
  from space 2688K, 0% used [0x00000000ebea0000,0x00000000ebea0000,0x00000000ec140000)
  to   space 2688K, 0% used [0x00000000ebc00000,0x00000000ebc00000,0x00000000ebea0000)
 ParOldGen       total 43520K, used 0K [0x00000000c0400000, 0x00000000c2e80000, 0x00000000eac00000)
  object space 43520K, 0% used [0x00000000c0400000,0x00000000c0400000,0x00000000c2e80000)
 PSPermGen       total 21248K, used 6365K [0x00000000bb200000, 0x00000000bc6c0000, 0x00000000c0400000)
  object space 21248K, 29% used [0x00000000bb200000,0x00000000bb8374d0,0x00000000bc6c0000)
Event: 1.260 GC heap after
Heap after GC invocations=1 (full 0):
 PSYoungGen      total 19072K, used 2670K [0x00000000eac00000, 0x00000000ec140000, 0x0000000000000000)
  eden space 16384K, 0% used [0x00000000eac00000,0x00000000eac00000,0x00000000ebc00000)
  from space 2688K, 99% used [0x00000000ebc00000,0x00000000ebe9b890,0x00000000ebea0000)
  to   space 2688K, 0% used [0x00000000ebea0000,0x00000000ebea0000,0x00000000ec140000)
 ParOldGen       total 43520K, used 6290K [0x00000000c0400000, 0x00000000c2e80000, 0x00000000eac00000)
  object space 43520K, 14% used [0x00000000c0400000,0x00000000c0a24af8,0x00000000c2e80000)
 PSPermGen       total 21248K, used 6365K [0x00000000bb200000, 0x00000000bc6c0000, 0x00000000c0400000)
  object space 21248K, 29% used [0x00000000bb200000,0x00000000bb8374d0,0x00000000bc6c0000)
}

Deoptimization events (10 events):
Event: 1.200 Thread 0x0000000009f88800 Uncommon trap -75 fr.pc 0x00000000026209b0
Event: 1.202 Thread 0x0000000009f88800 Uncommon trap -75 fr.pc 0x0000000002620700
Event: 1.218 Thread 0x0000000009f88800 Uncommon trap -75 fr.pc 0x0000000002620cd8
Event: 1.218 Thread 0x0000000009f88800 Uncommon trap -75 fr.pc 0x0000000002620470
Event: 1.221 Thread 0x0000000009f88800 Uncommon trap -75 fr.pc 0x00000000026201c0
Event: 1.232 Thread 0x0000000009f88800 Uncommon trap -75 fr.pc 0x000000000261e824
Event: 1.237 Thread 0x0000000009f88800 Uncommon trap -75 fr.pc 0x000000000261fc70
Event: 1.239 Thread 0x0000000009f88800 Uncommon trap -75 fr.pc 0x000000000261f9c0
Event: 1.518 Thread 0x0000000009f88800 Uncommon trap -83 fr.pc 0x0000000002624e6c
Event: 1.526 Thread 0x0000000009f88800 Uncommon trap -83 fr.pc 0x0000000002627eb0

Internal exceptions (10 events):
Event: 1.252 Thread 0x0000000009f88800 Threw 0x00000000eb62faa0 at C:\jdk7u1_64p\jdk7u5\hotspot\src\share\vm\prims\jvm.cpp:1166
Event: 1.252 Thread 0x0000000009f88800 Threw 0x00000000eb6341c0 at C:\jdk7u1_64p\jdk7u5\hotspot\src\share\vm\prims\jvm.cpp:1166
Event: 1.262 Thread 0x0000000009f88800 Threw 0x00000000eacce9c0 at C:\jdk7u1_64p\jdk7u5\hotspot\src\share\vm\prims\jvm.cpp:1166
Event: 1.263 Thread 0x0000000009f88800 Threw 0x00000000eacd7e30 at C:\jdk7u1_64p\jdk7u5\hotspot\src\share\vm\prims\jvm.cpp:1166
Event: 1.264 Thread 0x0000000009f88800 Threw 0x00000000ead360f8 at C:\jdk7u1_64p\jdk7u5\hotspot\src\share\vm\prims\jvm.cpp:1166
Event: 1.458 Thread 0x0000000009f88800 Threw 0x00000000eae78e50 at C:\jdk7u1_64p\jdk7u5\hotspot\src\share\vm\prims\jvm.cpp:1166
Event: 1.469 Thread 0x0000000009f88800 Threw 0x00000000eafe75c8 at C:\jdk7u1_64p\jdk7u5\hotspot\src\share\vm\prims\jvm.cpp:1166
Event: 1.567 Thread 0x0000000009f88800 Threw 0x00000000eb4c90f0 at C:\jdk7u1_64p\jdk7u5\hotspot\src\share\vm\prims\jvm.cpp:1166
Event: 1.568 Thread 0x0000000009f88800 Threw 0x00000000eb4cc840 at C:\jdk7u1_64p\jdk7u5\hotspot\src\share\vm\prims\jvm.cpp:1166
Event: 1.571 Thread 0x0000000009f88800 Threw 0x00000000eb4cf350 at C:\jdk7u1_64p\jdk7u5\hotspot\src\share\vm\prims\jvm.cpp:1166

Events (10 events):
Event: 1.518 Thread 0x0000000009f88800 DEOPT PACKING pc=0x0000000002624e6c sp=0x000000000b49efe0
Event: 1.518 Thread 0x0000000009f88800 DEOPT UNPACKING pc=0x00000000025c9164 sp=0x000000000b49ef98 mode 2
Event: 1.526 Thread 0x0000000009f88800 DEOPT PACKING pc=0x0000000002627eb0 sp=0x000000000b49efe0
Event: 1.526 Thread 0x0000000009f88800 DEOPT UNPACKING pc=0x00000000025c9164 sp=0x000000000b49ef90 mode 2
Event: 1.567 loading class 0x0000000009f70be0
Event: 1.567 loading class 0x0000000009f70be0 done
Event: 1.568 loading class 0x0000000009fdf2a0
Event: 1.568 loading class 0x0000000009fdf2a0 done
Event: 1.571 loading class 0x000000000a2001f0
Event: 1.571 loading class 0x000000000a2001f0 done


Dynamic libraries:
0x000000003fc90000 - 0x000000003fcc4000 	C:\Program Files\Java\jre7\bin\javaw.exe
0x0000000076d40000 - 0x0000000076ee9000 	C:\Windows\SYSTEM32\ntdll.dll
0x0000000076c20000 - 0x0000000076d3f000 	C:\Windows\system32\kernel32.dll
0x00000000fccd0000 - 0x00000000fcd3b000 	C:\Windows\system32\KERNELBASE.dll
0x00000000fe380000 - 0x00000000fe45b000 	C:\Windows\system32\ADVAPI32.dll
0x00000000fe0c0000 - 0x00000000fe15f000 	C:\Windows\system32\msvcrt.dll
0x00000000fe170000 - 0x00000000fe18f000 	C:\Windows\SYSTEM32\sechost.dll
0x00000000fe1e0000 - 0x00000000fe30d000 	C:\Windows\system32\RPCRT4.dll
0x0000000076b20000 - 0x0000000076c1a000 	C:\Windows\system32\USER32.dll
0x00000000fe310000 - 0x00000000fe377000 	C:\Windows\system32\GDI32.dll
0x00000000fe050000 - 0x00000000fe05e000 	C:\Windows\system32\LPK.dll
0x00000000fe460000 - 0x00000000fe529000 	C:\Windows\system32\USP10.dll
0x00000000fb510000 - 0x00000000fb704000 	C:\Windows\WinSxS\amd64_microsoft.windows.common-controls_6595b64144ccf1df_6.0.7601.17514_none_fa396087175ac9ac\COMCTL32.dll
0x00000000feb10000 - 0x00000000feb81000 	C:\Windows\system32\SHLWAPI.dll
0x00000000fd290000 - 0x00000000fd2be000 	C:\Windows\system32\IMM32.DLL
0x00000000feb90000 - 0x00000000fec99000 	C:\Windows\system32\MSCTF.dll
0x00000000653b0000 - 0x0000000065481000 	C:\Program Files\Java\jre7\bin\msvcr100.dll
0x000000005dbc0000 - 0x000000005e2da000 	C:\Program Files\Java\jre7\bin\server\jvm.dll
0x00000000f0e90000 - 0x00000000f0e99000 	C:\Windows\system32\WSOCK32.dll
0x00000000fe190000 - 0x00000000fe1dd000 	C:\Windows\system32\WS2_32.dll
0x00000000fe160000 - 0x00000000fe168000 	C:\Windows\system32\NSI.dll
0x00000000f87d0000 - 0x00000000f880b000 	C:\Windows\system32\WINMM.dll
0x0000000076f10000 - 0x0000000076f17000 	C:\Windows\system32\PSAPI.DLL
0x0000000072440000 - 0x000000007244f000 	C:\Program Files\Java\jre7\bin\verify.dll
0x0000000071500000 - 0x0000000071528000 	C:\Program Files\Java\jre7\bin\java.dll
0x0000000071540000 - 0x0000000071555000 	C:\Program Files\Java\jre7\bin\zip.dll
0x0000000065580000 - 0x0000000065612000 	C:\Users\User\AppData\Local\Temp\libgdxUser\7a5afca9\gdx64.dll
0x0000000080000000 - 0x0000000080050000 	C:\Users\User\AppData\Local\Temp\libgdxUser\4c88a7c1\lwjgl64.dll
0x00000000ee7a0000 - 0x00000000ee8bd000 	C:\Windows\system32\OPENGL32.dll
0x00000000f3b80000 - 0x00000000f3bad000 	C:\Windows\system32\GLU32.dll
0x00000000f0820000 - 0x00000000f0911000 	C:\Windows\system32\DDRAW.dll
0x00000000f4ce0000 - 0x00000000f4ce8000 	C:\Windows\system32\DCIMAN32.dll
0x00000000fd0b0000 - 0x00000000fd287000 	C:\Windows\system32\SETUPAPI.dll
0x00000000fcbf0000 - 0x00000000fcc26000 	C:\Windows\system32\CFGMGR32.dll
0x00000000fcf50000 - 0x00000000fd027000 	C:\Windows\system32\OLEAUT32.dll
0x00000000fe530000 - 0x00000000fe733000 	C:\Windows\system32\ole32.dll
0x00000000fcc30000 - 0x00000000fcc4a000 	C:\Windows\system32\DEVOBJ.dll
0x00000000faf00000 - 0x00000000faf18000 	C:\Windows\system32\dwmapi.dll
0x00000000fba00000 - 0x00000000fba0c000 	C:\Windows\system32\VERSION.dll
0x0000000002360000 - 0x00000000023c4000 	C:\Users\User\AppData\Local\Temp\libgdxUser\4c88a7c1\OpenAL64.dll
0x00000000fd2c0000 - 0x00000000fe048000 	C:\Windows\system32\SHELL32.dll
0x00000000fca50000 - 0x00000000fca5f000 	C:\Windows\system32\CRYPTBASE.dll
0x00000000fb330000 - 0x00000000fb386000 	C:\Windows\system32\uxtheme.dll
0x00000000fe740000 - 0x00000000fe7d9000 	C:\Windows\system32\CLBCatQ.DLL
0x00000000fb390000 - 0x00000000fb4bc000 	C:\Windows\System32\PROPSYS.dll
0x00000000fcc80000 - 0x00000000fccba000 	C:\Windows\system32\WINTRUST.dll
0x00000000fcde0000 - 0x00000000fcf4c000 	C:\Windows\system32\CRYPT32.dll
0x00000000fcbc0000 - 0x00000000fcbcf000 	C:\Windows\system32\MSASN1.dll
0x00000000f1100000 - 0x00000000f1188000 	C:\Windows\system32\dsound.dll
0x00000000fa730000 - 0x00000000fa75c000 	C:\Windows\system32\POWRPROF.dll
0x00000000faf20000 - 0x00000000faf6b000 	C:\Windows\System32\MMDevApi.dll
0x00000000f4090000 - 0x00000000f40df000 	C:\Windows\system32\AUDIOSES.DLL
0x0000000058d20000 - 0x000000005a671000 	C:\Windows\system32\nvoglv64.DLL
0x00000000fae90000 - 0x00000000faebd000 	C:\Windows\system32\ntmarta.dll
0x00000000fe060000 - 0x00000000fe0b2000 	C:\Windows\system32\WLDAP32.dll
0x00000000f8d50000 - 0x00000000f8dec000 	C:\Windows\system32\mscms.dll
0x00000000fbe70000 - 0x00000000fbe8e000 	C:\Windows\system32\USERENV.dll
0x00000000fcb20000 - 0x00000000fcb2f000 	C:\Windows\system32\profapi.dll
0x00000000f3b30000 - 0x00000000f3b72000 	C:\Windows\system32\icm32.dll
0x00000000f0d40000 - 0x00000000f0e65000 	C:\Windows\system32\dbghelp.dll

VM Arguments:
jvm_args: -Dfile.encoding=Cp1252 
java_command: com.niz.Main
Launcher Type: SUN_STANDARD

Environment Variables:
JAVA_HOME=C:\Program Files\Java\jdk1.7.0
CLASSPATH=.;C:\Program Files (x86)\Java\jre6\lib\ext\QTJava.zip
PATH=C:\Program Files\Common Files\Microsoft Shared\Windows Live;C:\Program Files\Java\jdk1.7.0;C:\Program Files (x86)\ImageMagick-6.7.9-Q16;C:\Program Files (x86)\NVIDIA Corporation\PhysX\Common;C:\Program Files\ImageMagick-6.7.1-Q16;C:\Windows\system32;C:\Windows;C:\Windows\System32\Wbem;C:\Windows\System32\WindowsPowerShell\v1.0\;C:\Program Files (x86)\QuickTime\QTSystem\;C:\MinGW\bin;C:\Program Files (x86)\Git\cmd;C:\Program Files\Common Files\Microsoft Shared\Windows Live;C:\Program Files (x86)\ImageMagick-6.7.9-Q16;C:\Program Files (x86)\NVIDIA Corporation\PhysX\Common;C:\Program Files\ImageMagick-6.7.1-Q16;C:\Windows\system32;C:\Windows;C:\Windows\System32\Wbem;C:\Windows\System32\WindowsPowerShell\v1.0\;C:\Program Files (x86)\QuickTime\QTSystem\;C:\MinGW\bin;C:\Program Files (x86)\Git\cmd;C:\Program Files\Common Files\Microsoft Shared\Windows Live;C:\Program Files\Java\jdk1.7.0\bin;c:\ant\bin;c:\cygwin\bin;c:\ant
USERNAME=User
OS=Windows_NT
PROCESSOR_IDENTIFIER=Intel64 Family 6 Model 42 Stepping 7, GenuineIntel



---------------  S Y S T E M  ---------------

OS: Windows 7 , 64 bit Build 7601 Service Pack 1

CPU:total 2 (2 cores per cpu, 1 threads per core) family 6 model 42 stepping 7, cmov, cx8, fxsr, mmx, sse, sse2, sse3, ssse3, sse4.1, sse4.2, popcnt, tsc, tscinvbit

Memory: 4k page, physical 4176192k(1474292k free), swap 10619704k(939240k free)

vm_info: Java HotSpot(TM) 64-Bit Server VM (23.1-b03) for windows-amd64 JRE (1.7.0_05-b06), built on Jun 27 2012 00:54:58 by "java_re" with unknown MS VC++:1600

time: Sun Feb 23 07:47:30 2014
elapsed time: 2 seconds

