#
# A fatal error has been detected by the Java Runtime Environment:
#
#  EXCEPTION_ACCESS_VIOLATION (0xc0000005) at pc=0x000000006445adbb, pid=4884, tid=3932
#
# JRE version: 7.0_05-b06
# Java VM: Java HotSpot(TM) 64-Bit Server VM (23.1-b03 mixed mode windows-amd64 compressed oops)
# Problematic frame:
# V  [jvm.dll+0x1fadbb]
#
# Failed to write core dump. Minidumps are not enabled by default on client versions of Windows
#
# If you would like to submit a bug report, please visit:
#   http://bugreport.sun.com/bugreport/crash.jsp
#

---------------  T H R E A D  ---------------

Current thread (0x000000000886f000):  JavaThread "LWJGL Application" [_thread_in_vm, id=3932, stack(0x000000000b610000,0x000000000b710000)]

siginfo: ExceptionCode=0xc0000005, writing address 0x0000000000000000

Registers:
RAX=0x0000000000010000, RBX=0x000000000886f000, RCX=0x00000000c1eca358, RDX=0x0000000000000000
RSP=0x000000000b70e840, RBP=0x00000000c1eca348, RSI=0x0000000000018000, RDI=0x0000000000000000
R8 =0x0000000000002fff, R9 =0x0000000000000008, R10=0x00000000024a235c, R11=0x0000000064420ca0
R12=0x0000000000000010, R13=0x00000000bb2f4908, R14=0x000000000b70e9c0, R15=0x000000000886f000
RIP=0x000000006445adbb, EFLAGS=0x0000000000010216

Top of Stack: (sp=0x000000000b70e840)
0x000000000b70e840:   0000048ecea10953 000000000b70e890
0x000000000b70e850:   00000000bb53a348 00000000bba08fd0
0x000000000b70e860:   0000000000000001 00000000643f3990
0x000000000b70e870:   0000000000000001 000000000be700c0
0x000000000b70e880:   00000000024969c3 00000000c0cc3e78
0x000000000b70e890:   0000000000000000 0000000000000000
0x000000000b70e8a0:   0000000000000000 00000000024a2388
0x000000000b70e8b0:   0000000002496374 00000000bb2f4908
0x000000000b70e8c0:   000000000b70e960 00000000bb803b78
0x000000000b70e8d0:   0000000000000000 0000000000000000
0x000000000b70e8e0:   0000000000018000 00000000bb803b78
0x000000000b70e8f0:   000000000b70e8f0 00000000bb534a19
0x000000000b70e900:   0000000054c942a0 00000000bb538450
0x000000000b70e910:   0000000000000000 00000000bb534a48
0x000000000b70e920:   000000000b70e920 0000000000000000
0x000000000b70e930:   000000000b70e9c0 00000000bb2f7740 

Instructions: (pc=0x000000006445adbb)
0x000000006445ad9b:   76 29 4d 85 c0 0f 84 cd 00 00 00 48 2b ca 0f 1f
0x000000006445adab:   80 00 00 00 00 4a 8b 04 09 49 83 c1 08 49 ff c8
0x000000006445adbb:   49 89 41 f8 75 ef 48 83 c4 28 c3 4a 8d 54 c1 f8
0x000000006445adcb:   4b 8d 4c c1 f8 4d 85 c0 0f 84 9a 00 00 00 0f 1f 


Register to memory mapping:

RAX=0x0000000000010000 is an unknown value
RBX=0x000000000886f000 is a thread
RCX=0x00000000c1eca358 is an oop
[S 
 - klass: {type array short}
 - length: 49152
RDX=0x0000000000000000 is an unknown value
RSP=0x000000000b70e840 is pointing into the stack for thread: 0x000000000886f000
RBP=0x00000000c1eca348 is an oop
[S 
 - klass: {type array short}
 - length: 49152
RSI=0x0000000000018000 is an unknown value
RDI=0x0000000000000000 is an unknown value
R8 =0x0000000000002fff is an unknown value
R9 =0x0000000000000008 is an unknown value
R10=0x00000000024a235c is an Interpreter codelet
method entry point (kind = native)  [0x00000000024a20e0, 0x00000000024a2960]  2176 bytes
R11=0x0000000064420ca0 is an unknown value
R12=0x0000000000000010 is an unknown value
R13=0x00000000bb2f4908 is an oop
{method} 
 - klass: {other class}
R14=0x000000000b70e9c0 is pointing into the stack for thread: 0x000000000886f000
R15=0x000000000886f000 is a thread


Stack: [0x000000000b610000,0x000000000b710000],  sp=0x000000000b70e840,  free space=1018k
Native frames: (J=compiled Java code, j=interpreted, Vv=VM code, C=native code)
V  [jvm.dll+0x1fadbb]

Java frames: (J=compiled Java code, j=interpreted, Vv=VM code)
j  sun.misc.Unsafe.copyMemory(Ljava/lang/Object;JLjava/lang/Object;JJ)V+0
j  java.nio.Bits.copyFromArray(Ljava/lang/Object;JJJJ)V+42
j  java.nio.DirectShortBufferU.put([SII)Ljava/nio/ShortBuffer;+129
j  com.badlogic.gdx.graphics.glutils.IndexBufferObject.setIndices([SII)V+20
j  com.badlogic.gdx.graphics.Mesh.setIndices([S)Lcom/badlogic/gdx/graphics/Mesh;+8
j  com.badlogic.gdx.tests.g3d.voxel.SimpleMesher.newMesh(III)Lcom/badlogic/gdx/graphics/Mesh;+65
j  com.badlogic.gdx.tests.g3d.voxel.VoxelWorld.<init>([Lvoxel/BlockDefinition;Lcom/badlogic/gdx/graphics/g3d/Material;IIILcom/badlogic/gdx/tests/g3d/voxel/Mesher;)V+249
j  com.niz.component.systems.VoxelSystem.<init>(IIIZZZZZZ[Lvoxel/BlockDefinition;[Lcom/badlogic/gdx/graphics/g2d/TextureRegion;)V+87
j  com.niz.factories.PlatformerFactory.doneLoading(FLcom/artemis/World;Lcom/badlogic/gdx/assets/AssetManager;Lcom/badlogic/gdx/graphics/Camera;Lcom/badlogic/gdx/graphics/g3d/ModelBatch;Lcom/niz/ShapeBatch;)V+225
j  com.niz.factories.GameFactory.init(FLcom/artemis/World;Lcom/badlogic/gdx/graphics/g3d/Environment;Lcom/badlogic/gdx/assets/AssetManager;Lcom/badlogic/gdx/graphics/Camera;Lcom/badlogic/gdx/graphics/g3d/ModelBatch;Lcom/niz/ShapeBatch;)V+11
j  com.niz.EngineScreen.render(F)V+48
j  com.niz.NizEngine.render()V+12
j  com.badlogic.gdx.backends.lwjgl.LwjglApplication.mainLoop()V+642
j  com.badlogic.gdx.backends.lwjgl.LwjglApplication$1.run()V+27
v  ~StubRoutines::call_stub

---------------  P R O C E S S  ---------------

Java Threads: ( => current thread )
  0x000000000de37800 JavaThread "LWJGL Timer" daemon [_thread_blocked, id=6892, stack(0x000000000f810000,0x000000000f910000)]
  0x000000000a2b9000 JavaThread "AsynchExecutor-Thread" daemon [_thread_blocked, id=5028, stack(0x000000000f980000,0x000000000fa80000)]
  0x000000000214c800 JavaThread "DestroyJavaVM" [_thread_blocked, id=5300, stack(0x0000000002390000,0x0000000002490000)]
=>0x000000000886f000 JavaThread "LWJGL Application" [_thread_in_vm, id=3932, stack(0x000000000b610000,0x000000000b710000)]
  0x000000000881b800 JavaThread "Service Thread" daemon [_thread_blocked, id=3756, stack(0x0000000009e70000,0x0000000009f70000)]
  0x0000000008810000 JavaThread "C2 CompilerThread1" daemon [_thread_blocked, id=936, stack(0x0000000009c90000,0x0000000009d90000)]
  0x0000000008806800 JavaThread "C2 CompilerThread0" daemon [_thread_blocked, id=7120, stack(0x0000000009b40000,0x0000000009c40000)]
  0x0000000008805000 JavaThread "Attach Listener" daemon [_thread_blocked, id=2496, stack(0x0000000009a10000,0x0000000009b10000)]
  0x0000000008803800 JavaThread "Signal Dispatcher" daemon [_thread_blocked, id=2624, stack(0x0000000009820000,0x0000000009920000)]
  0x0000000008778800 JavaThread "Finalizer" daemon [_thread_blocked, id=1220, stack(0x0000000009540000,0x0000000009640000)]
  0x0000000008773000 JavaThread "Reference Handler" daemon [_thread_blocked, id=5220, stack(0x0000000009430000,0x0000000009530000)]

Other Threads:
  0x000000000876e000 VMThread [stack: 0x0000000009280000,0x0000000009380000] [id=4192]
  0x0000000008824800 WatcherThread [stack: 0x000000000a010000,0x000000000a110000] [id=2296]

VM state:not at safepoint (normal execution)

VM Mutex/Monitor currently owned by a thread: None

Heap
 PSYoungGen      total 35456K, used 12790K [0x00000000eac00000, 0x00000000f2ed0000, 0x0000000000000000)
  eden space 32768K, 32% used [0x00000000eac00000,0x00000000eb64dbc8,0x00000000ecc00000)
  from space 2688K, 83% used [0x00000000ecc00000,0x00000000ece2fe90,0x00000000ecea0000)
  to   space 35904K, 0% used [0x00000000f0bc0000,0x00000000f0bc0000,0x00000000f2ed0000)
 ParOldGen       total 131712K, used 73917K [0x00000000c0400000, 0x00000000c84a0000, 0x00000000eac00000)
  object space 131712K, 56% used [0x00000000c0400000,0x00000000c4c2f668,0x00000000c84a0000)
 PSPermGen       total 21248K, used 8230K [0x00000000bb200000, 0x00000000bc6c0000, 0x00000000c0400000)
  object space 21248K, 38% used [0x00000000bb200000,0x00000000bba09918,0x00000000bc6c0000)

Code Cache  [0x0000000002490000, 0x0000000002700000, 0x0000000005490000)
 total_blobs=622 nmethods=192 adapters=382 free_code_cache=48351Kb largest_free_block=49489344

Compilation events (10 events):
Event: 2.297 Thread 0x0000000008810000  159             java.util.Arrays::copyOfRange (63 bytes)
Event: 2.299 Thread 0x0000000008810000 nmethod 159 0x000000000255a7d0 code [0x000000000255a920, 0x000000000255ab18]
Event: 2.329 Thread 0x0000000008806800  160             java.nio.Buffer::position (43 bytes)
Event: 2.331 Thread 0x0000000008806800 nmethod 160 0x000000000255a590 code [0x000000000255a6c0, 0x000000000255a738]
Event: 2.341 Thread 0x0000000008810000  161             java.nio.Bits::byteOrder (20 bytes)
Event: 2.341 Thread 0x0000000008810000 nmethod 161 0x0000000002559350 code [0x0000000002559480, 0x00000000025594d8]
Event: 2.366 Thread 0x0000000008810000  162             java.nio.Buffer::position (5 bytes)
Event: 2.366 Thread 0x0000000008810000 nmethod 162 0x0000000002559150 code [0x0000000002559280, 0x00000000025592d8]
Event: 2.376 Thread 0x0000000008810000  163             java.nio.Buffer::limit (62 bytes)
Event: 2.377 Thread 0x0000000008810000 nmethod 163 0x0000000002558f10 code [0x0000000002559040, 0x00000000025590d8]

GC Heap History (10 events):
Event: 2.117 GC heap before
{Heap before GC invocations=3 (full 0):
 PSYoungGen      total 19072K, used 19050K [0x00000000eac00000, 0x00000000ec140000, 0x0000000000000000)
  eden space 16384K, 100% used [0x00000000eac00000,0x00000000ebc00000,0x00000000ebc00000)
  from space 2688K, 99% used [0x00000000ebea0000,0x00000000ec13a9e0,0x00000000ec140000)
  to   space 2688K, 0% used [0x00000000ebc00000,0x00000000ebc00000,0x00000000ebea0000)
 ParOldGen       total 43520K, used 12100K [0x00000000c0400000, 0x00000000c2e80000, 0x00000000eac00000)
  object space 43520K, 27% used [0x00000000c0400000,0x00000000c0fd1338,0x00000000c2e80000)
 PSPermGen       total 21248K, used 8227K [0x00000000bb200000, 0x00000000bc6c0000, 0x00000000c0400000)
  object space 21248K, 38% used [0x00000000bb200000,0x00000000bba08ce8,0x00000000bc6c0000)
Event: 2.126 GC heap after
Heap after GC invocations=3 (full 0):
 PSYoungGen      total 19072K, used 2666K [0x00000000eac00000, 0x00000000ed140000, 0x0000000000000000)
  eden space 16384K, 0% used [0x00000000eac00000,0x00000000eac00000,0x00000000ebc00000)
  from space 2688K, 99% used [0x00000000ebc00000,0x00000000ebe9a9c0,0x00000000ebea0000)
  to   space 2688K, 0% used [0x00000000ecea0000,0x00000000ecea0000,0x00000000ed140000)
 ParOldGen       total 43520K, used 28437K [0x00000000c0400000, 0x00000000c2e80000, 0x00000000eac00000)
  object space 43520K, 65% used [0x00000000c0400000,0x00000000c1fc56a8,0x00000000c2e80000)
 PSPermGen       total 21248K, used 8227K [0x00000000bb200000, 0x00000000bc6c0000, 0x00000000c0400000)
  object space 21248K, 38% used [0x00000000bb200000,0x00000000bba08ce8,0x00000000bc6c0000)
}
Event: 2.126 GC heap before
{Heap before GC invocations=4 (full 1):
 PSYoungGen      total 19072K, used 2666K [0x00000000eac00000, 0x00000000ed140000, 0x0000000000000000)
  eden space 16384K, 0% used [0x00000000eac00000,0x00000000eac00000,0x00000000ebc00000)
  from space 2688K, 99% used [0x00000000ebc00000,0x00000000ebe9a9c0,0x00000000ebea0000)
  to   space 2688K, 0% used [0x00000000ecea0000,0x00000000ecea0000,0x00000000ed140000)
 ParOldGen       total 43520K, used 28437K [0x00000000c0400000, 0x00000000c2e80000, 0x00000000eac00000)
  object space 43520K, 65% used [0x00000000c0400000,0x00000000c1fc56a8,0x00000000c2e80000)
 PSPermGen       total 21248K, used 8227K [0x00000000bb200000, 0x00000000bc6c0000, 0x00000000c0400000)
  object space 21248K, 38% used [0x00000000bb200000,0x00000000bba08ce8,0x00000000bc6c0000)
Event: 2.160 GC heap after
Heap after GC invocations=4 (full 1):
 PSYoungGen      total 19072K, used 0K [0x00000000eac00000, 0x00000000ed140000, 0x0000000000000000)
  eden space 16384K, 0% used [0x00000000eac00000,0x00000000eac00000,0x00000000ebc00000)
  from space 2688K, 0% used [0x00000000ebc00000,0x00000000ebc00000,0x00000000ebea0000)
  to   space 2688K, 0% used [0x00000000ecea0000,0x00000000ecea0000,0x00000000ed140000)
 ParOldGen       total 66240K, used 28631K [0x00000000c0400000, 0x00000000c44b0000, 0x00000000eac00000)
  object space 66240K, 43% used [0x00000000c0400000,0x00000000c1ff5e30,0x00000000c44b0000)
 PSPermGen       total 21248K, used 8225K [0x00000000bb200000, 0x00000000bc6c0000, 0x00000000c0400000)
  object space 21248K, 38% used [0x00000000bb200000,0x00000000bba08400,0x00000000bc6c0000)
}
Event: 2.164 GC heap before
{Heap before GC invocations=5 (full 1):
 PSYoungGen      total 19072K, used 16384K [0x00000000eac00000, 0x00000000ed140000, 0x0000000000000000)
  eden space 16384K, 100% used [0x00000000eac00000,0x00000000ebc00000,0x00000000ebc00000)
  from space 2688K, 0% used [0x00000000ebc00000,0x00000000ebc00000,0x00000000ebea0000)
  to   space 2688K, 0% used [0x00000000ecea0000,0x00000000ecea0000,0x00000000ed140000)
 ParOldGen       total 66240K, used 28631K [0x00000000c0400000, 0x00000000c44b0000, 0x00000000eac00000)
  object space 66240K, 43% used [0x00000000c0400000,0x00000000c1ff5e30,0x00000000c44b0000)
 PSPermGen       total 21248K, used 8225K [0x00000000bb200000, 0x00000000bc6c0000, 0x00000000c0400000)
  object space 21248K, 38% used [0x00000000bb200000,0x00000000bba08400,0x00000000bc6c0000)
Event: 2.171 GC heap after
Heap after GC invocations=5 (full 1):
 PSYoungGen      total 34432K, used 2688K [0x00000000eac00000, 0x00000000ed140000, 0x0000000000000000)
  eden space 31744K, 0% used [0x00000000eac00000,0x00000000eac00000,0x00000000ecb00000)
  from space 2688K, 100% used [0x00000000ecea0000,0x00000000ed140000,0x00000000ed140000)
  to   space 2688K, 0% used [0x00000000ecc00000,0x00000000ecc00000,0x00000000ecea0000)
 ParOldGen       total 66240K, used 42298K [0x00000000c0400000, 0x00000000c44b0000, 0x00000000eac00000)
  object space 66240K, 63% used [0x00000000c0400000,0x00000000c2d4e9b0,0x00000000c44b0000)
 PSPermGen       total 21248K, used 8225K [0x00000000bb200000, 0x00000000bc6c0000, 0x00000000c0400000)
  object space 21248K, 38% used [0x00000000bb200000,0x00000000bba08400,0x00000000bc6c0000)
}
Event: 2.178 GC heap before
{Heap before GC invocations=6 (full 1):
 PSYoungGen      total 34432K, used 34432K [0x00000000eac00000, 0x00000000ed140000, 0x0000000000000000)
  eden space 31744K, 100% used [0x00000000eac00000,0x00000000ecb00000,0x00000000ecb00000)
  from space 2688K, 100% used [0x00000000ecea0000,0x00000000ed140000,0x00000000ed140000)
  to   space 2688K, 0% used [0x00000000ecc00000,0x00000000ecc00000,0x00000000ecea0000)
 ParOldGen       total 66240K, used 42298K [0x00000000c0400000, 0x00000000c44b0000, 0x00000000eac00000)
  object space 66240K, 63% used [0x00000000c0400000,0x00000000c2d4e9b0,0x00000000c44b0000)
 PSPermGen       total 21248K, used 8225K [0x00000000bb200000, 0x00000000bc6c0000, 0x00000000c0400000)
  object space 21248K, 38% used [0x00000000bb200000,0x00000000bba08400,0x00000000bc6c0000)
Event: 2.200 GC heap after
Heap after GC invocations=6 (full 1):
 PSYoungGen      total 35456K, used 2688K [0x00000000eac00000, 0x00000000f2ed0000, 0x0000000000000000)
  eden space 32768K, 0% used [0x00000000eac00000,0x00000000eac00000,0x00000000ecc00000)
  from space 2688K, 100% used [0x00000000ecc00000,0x00000000ecea0000,0x00000000ecea0000)
  to   space 35904K, 0% used [0x00000000f0bc0000,0x00000000f0bc0000,0x00000000f2ed0000)
 ParOldGen       total 73920K, used 73900K [0x00000000c0400000, 0x00000000c4c30000, 0x00000000eac00000)
  object space 73920K, 99% used [0x00000000c0400000,0x00000000c4c2b0a0,0x00000000c4c30000)
 PSPermGen       total 21248K, used 8225K [0x00000000bb200000, 0x00000000bc6c0000, 0x00000000c0400000)
  object space 21248K, 38% used [0x00000000bb200000,0x00000000bba08400,0x00000000bc6c0000)
}
Event: 2.200 GC heap before
{Heap before GC invocations=7 (full 2):
 PSYoungGen      total 35456K, used 2688K [0x00000000eac00000, 0x00000000f2ed0000, 0x0000000000000000)
  eden space 32768K, 0% used [0x00000000eac00000,0x00000000eac00000,0x00000000ecc00000)
  from space 2688K, 100% used [0x00000000ecc00000,0x00000000ecea0000,0x00000000ecea0000)
  to   space 35904K, 0% used [0x00000000f0bc0000,0x00000000f0bc0000,0x00000000f2ed0000)
 ParOldGen       total 73920K, used 73900K [0x00000000c0400000, 0x00000000c4c30000, 0x00000000eac00000)
  object space 73920K, 99% used [0x00000000c0400000,0x00000000c4c2b0a0,0x00000000c4c30000)
 PSPermGen       total 21248K, used 8225K [0x00000000bb200000, 0x00000000bc6c0000, 0x00000000c0400000)
  object space 21248K, 38% used [0x00000000bb200000,0x00000000bba08400,0x00000000bc6c0000)
Event: 2.236 GC heap after
Heap after GC invocations=7 (full 2):
 PSYoungGen      total 35456K, used 2239K [0x00000000eac00000, 0x00000000f2ed0000, 0x0000000000000000)
  eden space 32768K, 0% used [0x00000000eac00000,0x00000000eac00000,0x00000000ecc00000)
  from space 2688K, 83% used [0x00000000ecc00000,0x00000000ece2fe90,0x00000000ecea0000)
  to   space 35904K, 0% used [0x00000000f0bc0000,0x00000000f0bc0000,0x00000000f2ed0000)
 ParOldGen       total 131712K, used 73917K [0x00000000c0400000, 0x00000000c84a0000, 0x00000000eac00000)
  object space 131712K, 56% used [0x00000000c0400000,0x00000000c4c2f668,0x00000000c84a0000)
 PSPermGen       total 21248K, used 8225K [0x00000000bb200000, 0x00000000bc6c0000, 0x00000000c0400000)
  object space 21248K, 38% used [0x00000000bb200000,0x00000000bba08400,0x00000000bc6c0000)
}

Deoptimization events (10 events):
Event: 2.010 Thread 0x000000000886f000 Uncommon trap -75 fr.pc 0x0000000002552fb0
Event: 2.011 Thread 0x000000000886f000 Uncommon trap -75 fr.pc 0x0000000002552d00
Event: 2.028 Thread 0x000000000886f000 Uncommon trap -75 fr.pc 0x0000000002552a70
Event: 2.030 Thread 0x000000000886f000 Uncommon trap -75 fr.pc 0x0000000002555340
Event: 2.047 Thread 0x000000000886f000 Uncommon trap -75 fr.pc 0x0000000002555658
Event: 2.047 Thread 0x000000000886f000 Uncommon trap -75 fr.pc 0x00000000025550b0
Event: 2.049 Thread 0x000000000886f000 Uncommon trap -75 fr.pc 0x0000000002554e00
Event: 2.061 Thread 0x000000000886f000 Uncommon trap -75 fr.pc 0x0000000002553264
Event: 2.066 Thread 0x000000000886f000 Uncommon trap -75 fr.pc 0x00000000025548b0
Event: 2.068 Thread 0x000000000886f000 Uncommon trap -75 fr.pc 0x0000000002554600

Internal exceptions (10 events):
Event: 2.096 Thread 0x000000000886f000 Threw 0x00000000eb299198 at C:\jdk7u1_64p\jdk7u5\hotspot\src\share\vm\prims\jvm.cpp:1166
Event: 2.096 Thread 0x000000000886f000 Threw 0x00000000eb29aa08 at C:\jdk7u1_64p\jdk7u5\hotspot\src\share\vm\prims\jvm.cpp:1166
Event: 2.097 Thread 0x000000000886f000 Threw 0x00000000eb29c878 at C:\jdk7u1_64p\jdk7u5\hotspot\src\share\vm\prims\jvm.cpp:1166
Event: 2.097 Thread 0x000000000886f000 Threw 0x00000000eb29e280 at C:\jdk7u1_64p\jdk7u5\hotspot\src\share\vm\prims\jvm.cpp:1166
Event: 2.098 Thread 0x000000000886f000 Threw 0x00000000eb2a1d20 at C:\jdk7u1_64p\jdk7u5\hotspot\src\share\vm\prims\jvm.cpp:1166
Event: 2.098 Thread 0x000000000886f000 Threw 0x00000000eb2a38f0 at C:\jdk7u1_64p\jdk7u5\hotspot\src\share\vm\prims\jvm.cpp:1166
Event: 2.098 Thread 0x000000000886f000 Threw 0x00000000eb2a5680 at C:\jdk7u1_64p\jdk7u5\hotspot\src\share\vm\prims\jvm.cpp:1166
Event: 2.099 Thread 0x000000000886f000 Threw 0x00000000eb2a79f8 at C:\jdk7u1_64p\jdk7u5\hotspot\src\share\vm\prims\jvm.cpp:1166
Event: 2.100 Thread 0x000000000886f000 Threw 0x00000000eb2adfb8 at C:\jdk7u1_64p\jdk7u5\hotspot\src\share\vm\prims\jvm.cpp:1166
Event: 2.102 Thread 0x000000000886f000 Threw 0x00000000eb2c86b8 at C:\jdk7u1_64p\jdk7u5\hotspot\src\share\vm\prims\jvm.cpp:1166

Events (10 events):
Event: 2.101 loading class 0x000000000a441470
Event: 2.101 loading class 0x000000000a441470 done
Event: 2.105 Executing VM operation: ParallelGCFailedAllocation
Event: 2.114 Executing VM operation: ParallelGCFailedAllocation done
Event: 2.117 Executing VM operation: ParallelGCFailedAllocation
Event: 2.160 Executing VM operation: ParallelGCFailedAllocation done
Event: 2.164 Executing VM operation: ParallelGCFailedAllocation
Event: 2.171 Executing VM operation: ParallelGCFailedAllocation done
Event: 2.178 Executing VM operation: ParallelGCFailedAllocation
Event: 2.236 Executing VM operation: ParallelGCFailedAllocation done


Dynamic libraries:
0x000000003f3f0000 - 0x000000003f424000 	C:\Program Files\Java\jre7\bin\javaw.exe
0x0000000076ef0000 - 0x0000000077099000 	C:\Windows\SYSTEM32\ntdll.dll
0x0000000076dd0000 - 0x0000000076eef000 	C:\Windows\system32\kernel32.dll
0x00000000fcda0000 - 0x00000000fce0b000 	C:\Windows\system32\KERNELBASE.dll
0x00000000fdb40000 - 0x00000000fdc1b000 	C:\Windows\system32\ADVAPI32.dll
0x00000000fdc80000 - 0x00000000fdd1f000 	C:\Windows\system32\msvcrt.dll
0x00000000fe130000 - 0x00000000fe14f000 	C:\Windows\SYSTEM32\sechost.dll
0x00000000fd100000 - 0x00000000fd22d000 	C:\Windows\system32\RPCRT4.dll
0x0000000076cd0000 - 0x0000000076dca000 	C:\Windows\system32\USER32.dll
0x00000000fdd20000 - 0x00000000fdd87000 	C:\Windows\system32\GDI32.dll
0x00000000fd230000 - 0x00000000fd23e000 	C:\Windows\system32\LPK.dll
0x00000000fd6e0000 - 0x00000000fd7a9000 	C:\Windows\system32\USP10.dll
0x00000000fb6c0000 - 0x00000000fb8b4000 	C:\Windows\WinSxS\amd64_microsoft.windows.common-controls_6595b64144ccf1df_6.0.7601.17514_none_fa396087175ac9ac\COMCTL32.dll
0x00000000fe150000 - 0x00000000fe1c1000 	C:\Windows\system32\SHLWAPI.dll
0x00000000fd240000 - 0x00000000fd26e000 	C:\Windows\system32\IMM32.DLL
0x00000000fdfa0000 - 0x00000000fe0a9000 	C:\Windows\system32\MSCTF.dll
0x0000000067af0000 - 0x0000000067bc1000 	C:\Program Files\Java\jre7\bin\msvcr100.dll
0x0000000064260000 - 0x000000006497a000 	C:\Program Files\Java\jre7\bin\server\jvm.dll
0x00000000f0560000 - 0x00000000f0569000 	C:\Windows\system32\WSOCK32.dll
0x00000000fd7d0000 - 0x00000000fd81d000 	C:\Windows\system32\WS2_32.dll
0x00000000fd900000 - 0x00000000fd908000 	C:\Windows\system32\NSI.dll
0x00000000f4e80000 - 0x00000000f4ebb000 	C:\Windows\system32\WINMM.dll
0x00000000770b0000 - 0x00000000770b7000 	C:\Windows\system32\PSAPI.DLL
0x0000000073310000 - 0x000000007331f000 	C:\Program Files\Java\jre7\bin\verify.dll
0x00000000732e0000 - 0x0000000073308000 	C:\Program Files\Java\jre7\bin\java.dll
0x0000000069a50000 - 0x0000000069a65000 	C:\Program Files\Java\jre7\bin\zip.dll
0x0000000065580000 - 0x0000000065612000 	C:\Users\User\AppData\Local\Temp\libgdxUser\7a5afca9\gdx64.dll
0x0000000080000000 - 0x0000000080050000 	C:\Users\User\AppData\Local\Temp\libgdxUser\4c88a7c1\lwjgl64.dll
0x00000000f1f80000 - 0x00000000f209d000 	C:\Windows\system32\OPENGL32.dll
0x00000000f6920000 - 0x00000000f694d000 	C:\Windows\system32\GLU32.dll
0x00000000f24d0000 - 0x00000000f25c1000 	C:\Windows\system32\DDRAW.dll
0x00000000fade0000 - 0x00000000fade8000 	C:\Windows\system32\DCIMAN32.dll
0x00000000fd500000 - 0x00000000fd6d7000 	C:\Windows\system32\SETUPAPI.dll
0x00000000fd0c0000 - 0x00000000fd0f6000 	C:\Windows\system32\CFGMGR32.dll
0x00000000fd820000 - 0x00000000fd8f7000 	C:\Windows\system32\OLEAUT32.dll
0x00000000fdd90000 - 0x00000000fdf93000 	C:\Windows\system32\ole32.dll
0x00000000fcd80000 - 0x00000000fcd9a000 	C:\Windows\system32\DEVOBJ.dll
0x00000000fb080000 - 0x00000000fb098000 	C:\Windows\system32\dwmapi.dll
0x00000000fbe10000 - 0x00000000fbe1c000 	C:\Windows\system32\VERSION.dll
0x0000000002210000 - 0x0000000002274000 	C:\Users\User\AppData\Local\Temp\libgdxUser\4c88a7c1\OpenAL64.dll
0x00000000fe470000 - 0x00000000ff1f8000 	C:\Windows\system32\SHELL32.dll
0x00000000fcc00000 - 0x00000000fcc0f000 	C:\Windows\system32\CRYPTBASE.dll
0x00000000fb4e0000 - 0x00000000fb536000 	C:\Windows\system32\uxtheme.dll
0x00000000fe3d0000 - 0x00000000fe469000 	C:\Windows\system32\CLBCatQ.DLL
0x00000000fb540000 - 0x00000000fb66c000 	C:\Windows\System32\PROPSYS.dll
0x00000000fcee0000 - 0x00000000fcf1a000 	C:\Windows\system32\WINTRUST.dll
0x00000000fcf40000 - 0x00000000fd0ac000 	C:\Windows\system32\CRYPT32.dll
0x00000000fcd70000 - 0x00000000fcd7f000 	C:\Windows\system32\MSASN1.dll
0x00000000f6d50000 - 0x00000000f6dd8000 	C:\Windows\system32\dsound.dll
0x00000000fa8f0000 - 0x00000000fa91c000 	C:\Windows\system32\POWRPROF.dll
0x00000000fb0d0000 - 0x00000000fb11b000 	C:\Windows\System32\MMDevApi.dll
0x00000000f3060000 - 0x00000000f30af000 	C:\Windows\system32\AUDIOSES.DLL
0x0000000054720000 - 0x0000000056071000 	C:\Windows\system32\nvoglv64.DLL
0x00000000fb0a0000 - 0x00000000fb0cd000 	C:\Windows\system32\ntmarta.dll
0x00000000fdc20000 - 0x00000000fdc72000 	C:\Windows\system32\WLDAP32.dll
0x00000000fa160000 - 0x00000000fa1fc000 	C:\Windows\system32\mscms.dll
0x00000000fc020000 - 0x00000000fc03e000 	C:\Windows\system32\USERENV.dll
0x00000000fccd0000 - 0x00000000fccdf000 	C:\Windows\system32\profapi.dll
0x00000000f5f20000 - 0x00000000f5f62000 	C:\Windows\system32\icm32.dll
0x00000000fc5a0000 - 0x00000000fc5b7000 	C:\Windows\system32\CRYPTSP.dll
0x00000000fc2a0000 - 0x00000000fc2e7000 	C:\Windows\system32\rsaenh.dll
0x0000000069a70000 - 0x0000000069a89000 	C:\Program Files\Java\jre7\bin\net.dll
0x00000000fc540000 - 0x00000000fc595000 	C:\Windows\system32\mswsock.dll
0x00000000fc530000 - 0x00000000fc537000 	C:\Windows\System32\wship6.dll
0x00000000f9ca0000 - 0x00000000f9cb5000 	C:\Windows\system32\NLAapi.dll
0x00000000f4e00000 - 0x00000000f4e15000 	C:\Windows\system32\napinsp.dll
0x00000000f4de0000 - 0x00000000f4df9000 	C:\Windows\system32\pnrpnsp.dll
0x00000000fc3c0000 - 0x00000000fc41b000 	C:\Windows\system32\DNSAPI.dll
0x00000000f4dd0000 - 0x00000000f4ddb000 	C:\Windows\System32\winrnr.dll
0x0000000072860000 - 0x000000007288e000 	c:\Program Files\Common Files\Microsoft Shared\Windows Live\WLIDNSP.DLL
0x00000000fbee0000 - 0x00000000fbee7000 	C:\Windows\System32\wshtcpip.dll
0x00000000f9b20000 - 0x00000000f9b47000 	C:\Windows\system32\IPHLPAPI.DLL
0x00000000f9b10000 - 0x00000000f9b1b000 	C:\Windows\system32\WINNSI.DLL
0x00000000f7360000 - 0x00000000f7368000 	C:\Windows\system32\rasadhlp.dll
0x00000000f99a0000 - 0x00000000f99f3000 	C:\Windows\System32\fwpuclnt.dll
0x0000000069a10000 - 0x0000000069a21000 	C:\Program Files\Java\jre7\bin\nio.dll

VM Arguments:
jvm_args: -Dfile.encoding=Cp1252 
java_command: com.niz.Main
Launcher Type: SUN_STANDARD

Environment Variables:
JAVA_HOME=C:\Program Files\Java\jdk1.7.0
CLASSPATH=.;C:\Program Files (x86)\Java\jre6\lib\ext\QTJava.zip
PATH=C:\Program Files\Common Files\Microsoft Shared\Windows Live;C:\Program Files\Java\jdk1.7.0;C:\Program Files (x86)\ImageMagick-6.7.9-Q16;C:\Program Files (x86)\NVIDIA Corporation\PhysX\Common;C:\Program Files\ImageMagick-6.7.1-Q16;C:\Windows\system32;C:\Windows;C:\Windows\System32\Wbem;C:\Windows\System32\WindowsPowerShell\v1.0\;C:\Program Files (x86)\QuickTime\QTSystem\;C:\MinGW\bin;C:\Program Files (x86)\Git\cmd;C:\Program Files\Common Files\Microsoft Shared\Windows Live;C:\Program Files (x86)\ImageMagick-6.7.9-Q16;C:\Program Files (x86)\NVIDIA Corporation\PhysX\Common;C:\Program Files\ImageMagick-6.7.1-Q16;C:\Windows\system32;C:\Windows;C:\Windows\System32\Wbem;C:\Windows\System32\WindowsPowerShell\v1.0\;C:\Program Files (x86)\QuickTime\QTSystem\;C:\MinGW\bin;C:\Program Files (x86)\Git\cmd;C:\Program Files\Common Files\Microsoft Shared\Windows Live;C:\Program Files\Java\jdk1.7.0\bin;c:\ant\bin;c:\cygwin\bin;c:\ant
USERNAME=User
OS=Windows_NT
PROCESSOR_IDENTIFIER=Intel64 Family 6 Model 42 Stepping 7, GenuineIntel



---------------  S Y S T E M  ---------------

OS: Windows 7 , 64 bit Build 7601 Service Pack 1

CPU:total 2 (2 cores per cpu, 1 threads per core) family 6 model 42 stepping 7, cmov, cx8, fxsr, mmx, sse, sse2, sse3, ssse3, sse4.1, sse4.2, popcnt, tsc, tscinvbit

Memory: 4k page, physical 4176192k(1019228k free), swap 11342328k(4928k free)

vm_info: Java HotSpot(TM) 64-Bit Server VM (23.1-b03) for windows-amd64 JRE (1.7.0_05-b06), built on Jun 27 2012 00:54:58 by "java_re" with unknown MS VC++:1600

time: Sun Mar 23 17:44:12 2014
elapsed time: 2 seconds

