#
# A fatal error has been detected by the Java Runtime Environment:
#
#  EXCEPTION_ACCESS_VIOLATION (0xc0000005) at pc=0x000000005ddbadbb, pid=3652, tid=3944
#
# JRE version: 7.0_05-b06
# Java VM: Java HotSpot(TM) 64-Bit Server VM (23.1-b03 mixed mode windows-amd64 compressed oops)
# Problematic frame:
# V  [jvm.dll+0x1fadbb]
#
# Failed to write core dump. Minidumps are not enabled by default on client versions of Windows
#
# If you would like to submit a bug report, please visit:
#   http://bugreport.sun.com/bugreport/crash.jsp
#

---------------  T H R E A D  ---------------

Current thread (0x00000000089ef000):  JavaThread "LWJGL Application" [_thread_in_vm, id=3944, stack(0x000000000b3b0000,0x000000000b4b0000)]

siginfo: ExceptionCode=0xc0000005, writing address 0x0000000000000000

Registers:
RAX=0x0000000000010000, RBX=0x00000000089ef000, RCX=0x00000000eacb6ab8, RDX=0x0000000000000000
RSP=0x000000000b4aef10, RBP=0x00000000eacb6aa8, RSI=0x0000000000018000, RDI=0x0000000000000000
R8 =0x0000000000002fff, R9 =0x0000000000000008, R10=0x00000000024f235c, R11=0x000000005dd80ca0
R12=0x0000000000000010, R13=0x00000000bb2f4e00, R14=0x000000000b4af088, R15=0x00000000089ef000
RIP=0x000000005ddbadbb, EFLAGS=0x0000000000010216

Top of Stack: (sp=0x000000000b4aef10)
0x000000000b4aef10:   0000000000000001 00000000595645f9
0x000000000b4aef20:   0000000000000001 000000000bb900c0
0x000000000b4aef30:   000000000b4aef90 000000005dd53990
0x000000000b4aef40:   0000000000000000 0000000000000000
0x000000000b4aef50:   0000000000000000 0000000000000000
0x000000000b4aef60:   0000000000000000 0000000000000000
0x000000000b4aef70:   0000000000000000 00000000024f2388
0x000000000b4aef80:   00000000bb79b920 00000000bb2f4e00
0x000000000b4aef90:   000000000b4af028 00000000bb7af048
0x000000000b4aefa0:   0000000000000000 0000000000000000
0x000000000b4aefb0:   0000000000018000 000000000b4af000
0x000000000b4aefc0:   00000000bb53aa90 0000000000000000
0x000000000b4aefd0:   00000000bb537088 0000000000000000
0x000000000b4aefe0:   000000000b4aefe0 000000000b4aefe8
0x000000000b4aeff0:   0000000000000000 000000000b4af088
0x000000000b4af000:   00000000bb2f7c38 0000000000000000 

Instructions: (pc=0x000000005ddbadbb)
0x000000005ddbad9b:   76 29 4d 85 c0 0f 84 cd 00 00 00 48 2b ca 0f 1f
0x000000005ddbadab:   80 00 00 00 00 4a 8b 04 09 49 83 c1 08 49 ff c8
0x000000005ddbadbb:   49 89 41 f8 75 ef 48 83 c4 28 c3 4a 8d 54 c1 f8
0x000000005ddbadcb:   4b 8d 4c c1 f8 4d 85 c0 0f 84 9a 00 00 00 0f 1f 


Register to memory mapping:

RAX=0x0000000000010000 is an unknown value
RBX=0x00000000089ef000 is a thread
RCX=0x00000000eacb6ab8 is an unknown value
RDX=0x0000000000000000 is an unknown value
RSP=0x000000000b4aef10 is pointing into the stack for thread: 0x00000000089ef000
RBP=0x00000000eacb6aa8 is an oop
[S 
 - klass: {type array short}
 - length: 49152
RSI=0x0000000000018000 is an unknown value
RDI=0x0000000000000000 is an unknown value
R8 =0x0000000000002fff is an unknown value
R9 =0x0000000000000008 is an unknown value
R10=0x00000000024f235c is an Interpreter codelet
method entry point (kind = native)  [0x00000000024f20e0, 0x00000000024f2960]  2176 bytes
R11=0x000000005dd80ca0 is an unknown value
R12=0x0000000000000010 is an unknown value
R13=0x00000000bb2f4e00 is an oop
{method} 
 - klass: {other class}
R14=0x000000000b4af088 is pointing into the stack for thread: 0x00000000089ef000
R15=0x00000000089ef000 is a thread


Stack: [0x000000000b3b0000,0x000000000b4b0000],  sp=0x000000000b4aef10,  free space=1019k
Native frames: (J=compiled Java code, j=interpreted, Vv=VM code, C=native code)
V  [jvm.dll+0x1fadbb]

Java frames: (J=compiled Java code, j=interpreted, Vv=VM code)
j  sun.misc.Unsafe.copyMemory(Ljava/lang/Object;JLjava/lang/Object;JJ)V+0
j  java.nio.Bits.copyFromArray(Ljava/lang/Object;JJJJ)V+42
j  java.nio.DirectShortBufferU.put([SII)Ljava/nio/ShortBuffer;+129
j  com.badlogic.gdx.graphics.glutils.IndexBufferObject.setIndices([SII)V+20
j  com.badlogic.gdx.graphics.Mesh.setIndices([S)Lcom/badlogic/gdx/graphics/Mesh;+8
j  com.badlogic.gdx.tests.g3d.voxel.VoxelWorld.<init>([Lvoxel/BlockDefinition;[Lcom/badlogic/gdx/graphics/g2d/TextureRegion;III)V+370
j  com.badlogic.gdx.tests.g3d.voxel.VoxelTest.create()V+235
j  com.niz.nizEngine.create()V+114
j  com.badlogic.gdx.backends.lwjgl.LwjglApplication.mainLoop()V+29
j  com.badlogic.gdx.backends.lwjgl.LwjglApplication$1.run()V+27
v  ~StubRoutines::call_stub

---------------  P R O C E S S  ---------------

Java Threads: ( => current thread )
  0x000000000225c800 JavaThread "DestroyJavaVM" [_thread_blocked, id=4580, stack(0x00000000023e0000,0x00000000024e0000)]
=>0x00000000089ef000 JavaThread "LWJGL Application" [_thread_in_vm, id=3944, stack(0x000000000b3b0000,0x000000000b4b0000)]
  0x000000000893b800 JavaThread "Service Thread" daemon [_thread_blocked, id=4196, stack(0x0000000009c90000,0x0000000009d90000)]
  0x0000000008938000 JavaThread "C2 CompilerThread1" daemon [_thread_blocked, id=2876, stack(0x0000000009b90000,0x0000000009c90000)]
  0x0000000008926800 JavaThread "C2 CompilerThread0" daemon [_thread_blocked, id=4172, stack(0x0000000009a10000,0x0000000009b10000)]
  0x0000000008925000 JavaThread "Attach Listener" daemon [_thread_blocked, id=4276, stack(0x00000000098d0000,0x00000000099d0000)]
  0x0000000008923800 JavaThread "Signal Dispatcher" daemon [_thread_blocked, id=4372, stack(0x00000000097d0000,0x00000000098d0000)]
  0x000000000889e000 JavaThread "Finalizer" daemon [_thread_blocked, id=2504, stack(0x0000000009610000,0x0000000009710000)]
  0x0000000008893000 JavaThread "Reference Handler" daemon [_thread_blocked, id=1468, stack(0x00000000094a0000,0x00000000095a0000)]

Other Threads:
  0x000000000888e000 VMThread [stack: 0x00000000091e0000,0x00000000092e0000] [id=4280]
  0x0000000008944800 WatcherThread [stack: 0x0000000009330000,0x0000000009430000] [id=3268]

VM state:not at safepoint (normal execution)

VM Mutex/Monitor currently owned by a thread: None

Heap
 PSYoungGen      total 19072K, used 4205K [0x00000000eac00000, 0x00000000ec140000, 0x0000000000000000)
  eden space 16384K, 9% used [0x00000000eac00000,0x00000000ead7fbe8,0x00000000ebc00000)
  from space 2688K, 99% used [0x00000000ebc00000,0x00000000ebe9b890,0x00000000ebea0000)
  to   space 2688K, 0% used [0x00000000ebea0000,0x00000000ebea0000,0x00000000ec140000)
 ParOldGen       total 43520K, used 6280K [0x00000000c0400000, 0x00000000c2e80000, 0x00000000eac00000)
  object space 43520K, 14% used [0x00000000c0400000,0x00000000c0a22270,0x00000000c2e80000)
 PSPermGen       total 21248K, used 6412K [0x00000000bb200000, 0x00000000bc6c0000, 0x00000000c0400000)
  object space 21248K, 30% used [0x00000000bb200000,0x00000000bb843148,0x00000000bc6c0000)

Code Cache  [0x00000000024e0000, 0x0000000002750000, 0x00000000054e0000)
 total_blobs=486 nmethods=110 adapters=328 free_code_cache=48566Kb largest_free_block=49718528

Compilation events (10 events):
Event: 1.609 Thread 0x0000000008926800   67             voxel.BlockDefinition::calculateStairOffsets (301 bytes)
Event: 1.610 Thread 0x0000000008926800 nmethod 67 0x0000000002573b50 code [0x0000000002573c80, 0x0000000002573cf8]
Event: 1.612 Thread 0x0000000008938000   40 %           voxel.BlockDefinition::calculateStairOffsets @ 123 (301 bytes)
Event: 1.613 Thread 0x0000000008938000 nmethod 40% 0x0000000002573890 code [0x00000000025739c0, 0x0000000002573a78]
Event: 1.629 Thread 0x0000000008926800   41 %           voxel.BlockDefinition::calculateStairOffsets @ 23 (301 bytes)
Event: 1.630 Thread 0x0000000008926800 nmethod 41% 0x00000000025735d0 code [0x0000000002573700, 0x00000000025737b8]
Event: 1.630 Thread 0x0000000008938000   42 %           voxel.BlockDefinition::calculateStairOffsets @ 129 (301 bytes)
Event: 1.631 Thread 0x0000000008938000 nmethod 42% 0x0000000002573310 code [0x0000000002573440, 0x00000000025734f8]
Event: 1.632 Thread 0x0000000008926800   68             voxel.BlockDefinition::calculateStairOffsets (301 bytes)
Event: 1.632 Thread 0x0000000008926800 nmethod 68 0x0000000002573090 code [0x00000000025731c0, 0x0000000002573238]

GC Heap History (2 events):
Event: 1.657 GC heap before
{Heap before GC invocations=1 (full 0):
 PSYoungGen      total 19072K, used 16384K [0x00000000eac00000, 0x00000000ec140000, 0x0000000000000000)
  eden space 16384K, 100% used [0x00000000eac00000,0x00000000ebc00000,0x00000000ebc00000)
  from space 2688K, 0% used [0x00000000ebea0000,0x00000000ebea0000,0x00000000ec140000)
  to   space 2688K, 0% used [0x00000000ebc00000,0x00000000ebc00000,0x00000000ebea0000)
 ParOldGen       total 43520K, used 0K [0x00000000c0400000, 0x00000000c2e80000, 0x00000000eac00000)
  object space 43520K, 0% used [0x00000000c0400000,0x00000000c0400000,0x00000000c2e80000)
 PSPermGen       total 21248K, used 6365K [0x00000000bb200000, 0x00000000bc6c0000, 0x00000000c0400000)
  object space 21248K, 29% used [0x00000000bb200000,0x00000000bb837678,0x00000000bc6c0000)
Event: 1.663 GC heap after
Heap after GC invocations=1 (full 0):
 PSYoungGen      total 19072K, used 2670K [0x00000000eac00000, 0x00000000ec140000, 0x0000000000000000)
  eden space 16384K, 0% used [0x00000000eac00000,0x00000000eac00000,0x00000000ebc00000)
  from space 2688K, 99% used [0x00000000ebc00000,0x00000000ebe9b890,0x00000000ebea0000)
  to   space 2688K, 0% used [0x00000000ebea0000,0x00000000ebea0000,0x00000000ec140000)
 ParOldGen       total 43520K, used 6280K [0x00000000c0400000, 0x00000000c2e80000, 0x00000000eac00000)
  object space 43520K, 14% used [0x00000000c0400000,0x00000000c0a22270,0x00000000c2e80000)
 PSPermGen       total 21248K, used 6365K [0x00000000bb200000, 0x00000000bc6c0000, 0x00000000c0400000)
  object space 21248K, 29% used [0x00000000bb200000,0x00000000bb837678,0x00000000bc6c0000)
}

Deoptimization events (10 events):
Event: 1.570 Thread 0x00000000089ef000 Uncommon trap -75 fr.pc 0x0000000002571f80
Event: 1.585 Thread 0x00000000089ef000 Uncommon trap -75 fr.pc 0x0000000002571970
Event: 1.591 Thread 0x00000000089ef000 Uncommon trap -75 fr.pc 0x0000000002574230
Event: 1.593 Thread 0x00000000089ef000 Uncommon trap -75 fr.pc 0x00000000025716c0
Event: 1.612 Thread 0x00000000089ef000 Uncommon trap -75 fr.pc 0x0000000002571c98
Event: 1.612 Thread 0x00000000089ef000 Uncommon trap -75 fr.pc 0x0000000002573f70
Event: 1.614 Thread 0x00000000089ef000 Uncommon trap -75 fr.pc 0x0000000002573cc0
Event: 1.630 Thread 0x00000000089ef000 Uncommon trap -75 fr.pc 0x0000000002573764
Event: 1.635 Thread 0x00000000089ef000 Uncommon trap -75 fr.pc 0x00000000025734b0
Event: 1.637 Thread 0x00000000089ef000 Uncommon trap -75 fr.pc 0x0000000002573200

Internal exceptions (10 events):
Event: 0.933 Thread 0x00000000089ef000 Threw 0x00000000eb5c0f10 at C:\jdk7u1_64p\jdk7u5\hotspot\src\share\vm\prims\jvm.cpp:1166
Event: 0.936 Thread 0x00000000089ef000 Threw 0x00000000eb5d1988 at C:\jdk7u1_64p\jdk7u5\hotspot\src\share\vm\prims\jvm.cpp:1166
Event: 0.955 Thread 0x00000000089ef000 Threw 0x00000000eb5d61e0 at C:\jdk7u1_64p\jdk7u5\hotspot\src\share\vm\prims\jvm.cpp:1166
Event: 1.651 Thread 0x00000000089ef000 Threw 0x00000000eb62b2e0 at C:\jdk7u1_64p\jdk7u5\hotspot\src\share\vm\prims\jvm.cpp:1166
Event: 1.652 Thread 0x00000000089ef000 Threw 0x00000000eb62d5d8 at C:\jdk7u1_64p\jdk7u5\hotspot\src\share\vm\prims\jvm.cpp:1166
Event: 1.653 Thread 0x00000000089ef000 Threw 0x00000000eb62fbb0 at C:\jdk7u1_64p\jdk7u5\hotspot\src\share\vm\prims\jvm.cpp:1166
Event: 1.654 Thread 0x00000000089ef000 Threw 0x00000000eb635f78 at C:\jdk7u1_64p\jdk7u5\hotspot\src\share\vm\prims\jvm.cpp:1166
Event: 1.666 Thread 0x00000000089ef000 Threw 0x00000000eacd0a90 at C:\jdk7u1_64p\jdk7u5\hotspot\src\share\vm\prims\jvm.cpp:1166
Event: 1.667 Thread 0x00000000089ef000 Threw 0x00000000eacd9f00 at C:\jdk7u1_64p\jdk7u5\hotspot\src\share\vm\prims\jvm.cpp:1166
Event: 1.669 Thread 0x00000000089ef000 Threw 0x00000000ead375f0 at C:\jdk7u1_64p\jdk7u5\hotspot\src\share\vm\prims\jvm.cpp:1166

Events (10 events):
Event: 1.654 loading class 0x0000000009ff7b40
Event: 1.654 loading class 0x0000000009ff7b40 done
Event: 1.657 Executing VM operation: ParallelGCFailedAllocation
Event: 1.663 Executing VM operation: ParallelGCFailedAllocation done
Event: 1.666 loading class 0x0000000009fea6c0
Event: 1.666 loading class 0x0000000009fea6c0 done
Event: 1.667 loading class 0x0000000009fb8370
Event: 1.667 loading class 0x0000000009fb8370 done
Event: 1.669 loading class 0x0000000009fea710
Event: 1.669 loading class 0x0000000009fea710 done


Dynamic libraries:
0x000000003fe70000 - 0x000000003fea4000 	C:\Program Files\Java\jre7\bin\javaw.exe
0x0000000076d40000 - 0x0000000076ee9000 	C:\Windows\SYSTEM32\ntdll.dll
0x0000000076c20000 - 0x0000000076d3f000 	C:\Windows\system32\kernel32.dll
0x00000000fccd0000 - 0x00000000fcd3b000 	C:\Windows\system32\KERNELBASE.dll
0x00000000fe380000 - 0x00000000fe45b000 	C:\Windows\system32\ADVAPI32.dll
0x00000000fe0c0000 - 0x00000000fe15f000 	C:\Windows\system32\msvcrt.dll
0x00000000fe170000 - 0x00000000fe18f000 	C:\Windows\SYSTEM32\sechost.dll
0x00000000fe1e0000 - 0x00000000fe30d000 	C:\Windows\system32\RPCRT4.dll
0x0000000076b20000 - 0x0000000076c1a000 	C:\Windows\system32\USER32.dll
0x00000000fe310000 - 0x00000000fe377000 	C:\Windows\system32\GDI32.dll
0x00000000fe050000 - 0x00000000fe05e000 	C:\Windows\system32\LPK.dll
0x00000000fe460000 - 0x00000000fe529000 	C:\Windows\system32\USP10.dll
0x00000000fb510000 - 0x00000000fb704000 	C:\Windows\WinSxS\amd64_microsoft.windows.common-controls_6595b64144ccf1df_6.0.7601.17514_none_fa396087175ac9ac\COMCTL32.dll
0x00000000feb10000 - 0x00000000feb81000 	C:\Windows\system32\SHLWAPI.dll
0x00000000fd290000 - 0x00000000fd2be000 	C:\Windows\system32\IMM32.DLL
0x00000000feb90000 - 0x00000000fec99000 	C:\Windows\system32\MSCTF.dll
0x00000000653b0000 - 0x0000000065481000 	C:\Program Files\Java\jre7\bin\msvcr100.dll
0x000000005dbc0000 - 0x000000005e2da000 	C:\Program Files\Java\jre7\bin\server\jvm.dll
0x00000000f0e90000 - 0x00000000f0e99000 	C:\Windows\system32\WSOCK32.dll
0x00000000fe190000 - 0x00000000fe1dd000 	C:\Windows\system32\WS2_32.dll
0x00000000fe160000 - 0x00000000fe168000 	C:\Windows\system32\NSI.dll
0x00000000f87d0000 - 0x00000000f880b000 	C:\Windows\system32\WINMM.dll
0x0000000076f10000 - 0x0000000076f17000 	C:\Windows\system32\PSAPI.DLL
0x0000000072440000 - 0x000000007244f000 	C:\Program Files\Java\jre7\bin\verify.dll
0x0000000071500000 - 0x0000000071528000 	C:\Program Files\Java\jre7\bin\java.dll
0x0000000071540000 - 0x0000000071555000 	C:\Program Files\Java\jre7\bin\zip.dll
0x0000000065580000 - 0x0000000065612000 	C:\Users\User\AppData\Local\Temp\libgdxUser\7a5afca9\gdx64.dll
0x0000000080000000 - 0x0000000080050000 	C:\Users\User\AppData\Local\Temp\libgdxUser\4c88a7c1\lwjgl64.dll
0x00000000ee7a0000 - 0x00000000ee8bd000 	C:\Windows\system32\OPENGL32.dll
0x00000000f3b30000 - 0x00000000f3b5d000 	C:\Windows\system32\GLU32.dll
0x00000000f0820000 - 0x00000000f0911000 	C:\Windows\system32\DDRAW.dll
0x00000000f4ce0000 - 0x00000000f4ce8000 	C:\Windows\system32\DCIMAN32.dll
0x00000000fd0b0000 - 0x00000000fd287000 	C:\Windows\system32\SETUPAPI.dll
0x00000000fcbf0000 - 0x00000000fcc26000 	C:\Windows\system32\CFGMGR32.dll
0x00000000fcf50000 - 0x00000000fd027000 	C:\Windows\system32\OLEAUT32.dll
0x00000000fe530000 - 0x00000000fe733000 	C:\Windows\system32\ole32.dll
0x00000000fcc30000 - 0x00000000fcc4a000 	C:\Windows\system32\DEVOBJ.dll
0x00000000faf00000 - 0x00000000faf18000 	C:\Windows\system32\dwmapi.dll
0x00000000fba00000 - 0x00000000fba0c000 	C:\Windows\system32\VERSION.dll
0x00000000021e0000 - 0x0000000002244000 	C:\Users\User\AppData\Local\Temp\libgdxUser\4c88a7c1\OpenAL64.dll
0x00000000fd2c0000 - 0x00000000fe048000 	C:\Windows\system32\SHELL32.dll
0x00000000fca50000 - 0x00000000fca5f000 	C:\Windows\system32\CRYPTBASE.dll
0x00000000fb330000 - 0x00000000fb386000 	C:\Windows\system32\uxtheme.dll
0x00000000fe740000 - 0x00000000fe7d9000 	C:\Windows\system32\CLBCatQ.DLL
0x00000000fb390000 - 0x00000000fb4bc000 	C:\Windows\System32\PROPSYS.dll
0x00000000fcc80000 - 0x00000000fccba000 	C:\Windows\system32\WINTRUST.dll
0x00000000fcde0000 - 0x00000000fcf4c000 	C:\Windows\system32\CRYPT32.dll
0x00000000fcbc0000 - 0x00000000fcbcf000 	C:\Windows\system32\MSASN1.dll
0x00000000f1100000 - 0x00000000f1188000 	C:\Windows\system32\dsound.dll
0x00000000fa730000 - 0x00000000fa75c000 	C:\Windows\system32\POWRPROF.dll
0x00000000faf20000 - 0x00000000faf6b000 	C:\Windows\System32\MMDevApi.dll
0x00000000f4090000 - 0x00000000f40df000 	C:\Windows\system32\AUDIOSES.DLL
0x0000000058d20000 - 0x000000005a671000 	C:\Windows\system32\nvoglv64.DLL
0x00000000fae90000 - 0x00000000faebd000 	C:\Windows\system32\ntmarta.dll
0x00000000fe060000 - 0x00000000fe0b2000 	C:\Windows\system32\WLDAP32.dll
0x00000000f8d50000 - 0x00000000f8dec000 	C:\Windows\system32\mscms.dll
0x00000000fbe70000 - 0x00000000fbe8e000 	C:\Windows\system32\USERENV.dll
0x00000000fcb20000 - 0x00000000fcb2f000 	C:\Windows\system32\profapi.dll
0x00000000f0ff0000 - 0x00000000f1032000 	C:\Windows\system32\icm32.dll
0x00000000f0d40000 - 0x00000000f0e65000 	C:\Windows\system32\dbghelp.dll

VM Arguments:
jvm_args: -Dfile.encoding=Cp1252 
java_command: com.niz.Main
Launcher Type: SUN_STANDARD

Environment Variables:
JAVA_HOME=C:\Program Files\Java\jdk1.7.0
CLASSPATH=.;C:\Program Files (x86)\Java\jre6\lib\ext\QTJava.zip
PATH=C:\Program Files\Common Files\Microsoft Shared\Windows Live;C:\Program Files\Java\jdk1.7.0;C:\Program Files (x86)\ImageMagick-6.7.9-Q16;C:\Program Files (x86)\NVIDIA Corporation\PhysX\Common;C:\Program Files\ImageMagick-6.7.1-Q16;C:\Windows\system32;C:\Windows;C:\Windows\System32\Wbem;C:\Windows\System32\WindowsPowerShell\v1.0\;C:\Program Files (x86)\QuickTime\QTSystem\;C:\MinGW\bin;C:\Program Files (x86)\Git\cmd;C:\Program Files\Common Files\Microsoft Shared\Windows Live;C:\Program Files (x86)\ImageMagick-6.7.9-Q16;C:\Program Files (x86)\NVIDIA Corporation\PhysX\Common;C:\Program Files\ImageMagick-6.7.1-Q16;C:\Windows\system32;C:\Windows;C:\Windows\System32\Wbem;C:\Windows\System32\WindowsPowerShell\v1.0\;C:\Program Files (x86)\QuickTime\QTSystem\;C:\MinGW\bin;C:\Program Files (x86)\Git\cmd;C:\Program Files\Common Files\Microsoft Shared\Windows Live;C:\Program Files\Java\jdk1.7.0\bin;c:\ant\bin;c:\cygwin\bin;c:\ant
USERNAME=User
OS=Windows_NT
PROCESSOR_IDENTIFIER=Intel64 Family 6 Model 42 Stepping 7, GenuineIntel



---------------  S Y S T E M  ---------------

OS: Windows 7 , 64 bit Build 7601 Service Pack 1

CPU:total 2 (2 cores per cpu, 1 threads per core) family 6 model 42 stepping 7, cmov, cx8, fxsr, mmx, sse, sse2, sse3, ssse3, sse4.1, sse4.2, popcnt, tsc, tscinvbit

Memory: 4k page, physical 4176192k(1079164k free), swap 11342328k(5112k free)

vm_info: Java HotSpot(TM) 64-Bit Server VM (23.1-b03) for windows-amd64 JRE (1.7.0_05-b06), built on Jun 27 2012 00:54:58 by "java_re" with unknown MS VC++:1600

time: Sun Feb 23 08:03:41 2014
elapsed time: 1 seconds

